{"contracts/interfaces/IConsensusEngine.sol":{"l":{},"path":"/Users/baturalpguvenc/Documents/GitHub/QLK-Oracle-Contracts/contracts/interfaces/IConsensusEngine.sol","s":{},"b":{},"f":{},"fnMap":{},"statementMap":{},"branchMap":{}},"contracts/interfaces/INodeManager.sol":{"l":{},"path":"/Users/baturalpguvenc/Documents/GitHub/QLK-Oracle-Contracts/contracts/interfaces/INodeManager.sol","s":{},"b":{},"f":{},"fnMap":{},"statementMap":{},"branchMap":{}},"contracts/interfaces/IPriceFeed.sol":{"l":{},"path":"/Users/baturalpguvenc/Documents/GitHub/QLK-Oracle-Contracts/contracts/interfaces/IPriceFeed.sol","s":{},"b":{},"f":{},"fnMap":{},"statementMap":{},"branchMap":{}},"contracts/interfaces/IQuantlinkOracle.sol":{"l":{},"path":"/Users/baturalpguvenc/Documents/GitHub/QLK-Oracle-Contracts/contracts/interfaces/IQuantlinkOracle.sol","s":{},"b":{},"f":{},"fnMap":{},"statementMap":{},"branchMap":{}},"contracts/libraries/CryptoUtils.sol":{"l":{"39":6,"40":0,"43":6,"44":6,"46":6,"63":66,"87":0,"102":37,"103":0,"107":37,"108":37,"109":37,"111":37,"117":37,"118":37,"119":37,"122":37,"123":37,"126":37,"139":0,"140":0,"144":0,"145":0,"148":0,"149":0,"151":0,"164":0,"179":0,"180":0,"189":0,"203":0,"204":0,"207":0,"208":0,"212":0,"213":0,"214":0,"217":0,"218":0,"219":0,"221":0,"222":0,"223":0,"228":0,"232":0,"235":0,"250":0,"252":0,"253":0,"254":0,"255":0,"257":0,"261":0,"271":0,"272":0,"281":32,"282":1,"285":31,"288":31,"289":0,"293":31,"294":31,"297":0},"path":"/Users/baturalpguvenc/Documents/GitHub/QLK-Oracle-Contracts/contracts/libraries/CryptoUtils.sol","s":{"1":6,"2":6,"3":6,"4":6,"5":66,"6":0,"7":37,"8":37,"9":37,"10":37,"11":37,"12":37,"13":0,"14":0,"15":0,"16":0,"17":0,"18":0,"19":0,"20":0,"21":0,"22":0,"23":0,"24":0,"25":0,"26":0,"27":0,"28":0,"29":0,"30":0,"31":0,"32":0,"33":0,"34":0,"35":0,"36":0,"37":0,"38":0,"39":0,"40":0,"41":0,"42":32,"43":1,"44":31,"45":31,"46":0,"47":31,"48":31,"49":0},"b":{"1":[0,6],"2":[0,37],"3":[37,0],"4":[0,0],"5":[0,0],"6":[0,0],"7":[0,0],"8":[0,0],"9":[0,0],"10":[1,31],"11":[0,31],"12":[31,0],"13":[31,0]},"f":{"1":6,"2":66,"3":0,"4":37,"5":0,"6":0,"7":0,"8":0,"9":0,"10":0,"11":0,"12":32},"fnMap":{"1":{"name":"verifyDataSignature","line":34,"loc":{"start":{"line":34,"column":4},"end":{"line":47,"column":4}}},"2":{"name":"hashFeeData","line":57,"loc":{"start":{"line":57,"column":4},"end":{"line":69,"column":4}}},"3":{"name":"hashConsensusRound","line":80,"loc":{"start":{"line":80,"column":4},"end":{"line":94,"column":4}}},"4":{"name":"splitSignature","line":101,"loc":{"start":{"line":101,"column":4},"end":{"line":127,"column":4}}},"5":{"name":"verifyPublicKey","line":135,"loc":{"start":{"line":135,"column":4},"end":{"line":152,"column":4}}},"6":{"name":"createCommitment","line":160,"loc":{"start":{"line":160,"column":4},"end":{"line":165,"column":4}}},"7":{"name":"verifyCommitmentReveal","line":174,"loc":{"start":{"line":174,"column":4},"end":{"line":181,"column":4}}},"8":{"name":"generatePseudoRandom","line":188,"loc":{"start":{"line":188,"column":4},"end":{"line":195,"column":4}}},"9":{"name":"createMerkleRoot","line":202,"loc":{"start":{"line":202,"column":4},"end":{"line":236,"column":4}}},"10":{"name":"verifyMerkleProof","line":245,"loc":{"start":{"line":245,"column":4},"end":{"line":262,"column":4}}},"11":{"name":"deriveAddress","line":270,"loc":{"start":{"line":270,"column":4},"end":{"line":273,"column":4}}},"12":{"name":"isValidSignatureFormat","line":280,"loc":{"start":{"line":280,"column":4},"end":{"line":298,"column":4}}}},"statementMap":{"1":{"start":{"line":39,"column":8},"end":{"line":39,"column":1115}},"2":{"start":{"line":43,"column":8},"end":{"line":43,"column":56}},"3":{"start":{"line":44,"column":8},"end":{"line":44,"column":74}},"4":{"start":{"line":46,"column":8},"end":{"line":46,"column":73}},"5":{"start":{"line":63,"column":8},"end":{"line":63,"column":1948}},"6":{"start":{"line":87,"column":8},"end":{"line":87,"column":2742}},"7":{"start":{"line":102,"column":8},"end":{"line":102,"column":3227}},"8":{"start":{"line":107,"column":8},"end":{"line":107,"column":17}},"9":{"start":{"line":108,"column":8},"end":{"line":108,"column":17}},"10":{"start":{"line":109,"column":8},"end":{"line":109,"column":15}},"11":{"start":{"line":122,"column":8},"end":{"line":122,"column":3710}},"12":{"start":{"line":126,"column":8},"end":{"line":126,"column":18}},"13":{"start":{"line":139,"column":8},"end":{"line":139,"column":4189}},"14":{"start":{"line":144,"column":8},"end":{"line":144,"column":4352}},"15":{"start":{"line":145,"column":12},"end":{"line":145,"column":23}},"16":{"start":{"line":148,"column":8},"end":{"line":148,"column":43}},"17":{"start":{"line":149,"column":8},"end":{"line":149,"column":64}},"18":{"start":{"line":151,"column":8},"end":{"line":151,"column":48}},"19":{"start":{"line":164,"column":8},"end":{"line":164,"column":54}},"20":{"start":{"line":179,"column":8},"end":{"line":179,"column":65}},"21":{"start":{"line":180,"column":8},"end":{"line":180,"column":47}},"22":{"start":{"line":189,"column":8},"end":{"line":189,"column":5751}},"23":{"start":{"line":203,"column":8},"end":{"line":203,"column":6168}},"24":{"start":{"line":204,"column":12},"end":{"line":204,"column":29}},"25":{"start":{"line":207,"column":8},"end":{"line":207,"column":6252}},"26":{"start":{"line":208,"column":12},"end":{"line":208,"column":28}},"27":{"start":{"line":212,"column":8},"end":{"line":212,"column":68}},"28":{"start":{"line":213,"column":8},"end":{"line":213,"column":6431}},"29":{"start":{"line":217,"column":8},"end":{"line":217,"column":6537}},"30":{"start":{"line":218,"column":12},"end":{"line":218,"column":67}},"31":{"start":{"line":219,"column":12},"end":{"line":219,"column":71}},"32":{"start":{"line":221,"column":12},"end":{"line":221,"column":6742}},"33":{"start":{"line":222,"column":16},"end":{"line":222,"column":6810}},"34":{"start":{"line":235,"column":8},"end":{"line":235,"column":30}},"35":{"start":{"line":250,"column":8},"end":{"line":250,"column":35}},"36":{"start":{"line":252,"column":8},"end":{"line":252,"column":7652}},"37":{"start":{"line":253,"column":12},"end":{"line":253,"column":43}},"38":{"start":{"line":254,"column":12},"end":{"line":254,"column":7758}},"39":{"start":{"line":261,"column":8},"end":{"line":261,"column":35}},"40":{"start":{"line":271,"column":8},"end":{"line":271,"column":62}},"41":{"start":{"line":272,"column":8},"end":{"line":272,"column":46}},"42":{"start":{"line":281,"column":8},"end":{"line":281,"column":8777}},"43":{"start":{"line":282,"column":12},"end":{"line":282,"column":24}},"44":{"start":{"line":285,"column":8},"end":{"line":285,"column":56}},"45":{"start":{"line":288,"column":8},"end":{"line":288,"column":8954}},"46":{"start":{"line":289,"column":12},"end":{"line":289,"column":24}},"47":{"start":{"line":293,"column":8},"end":{"line":293,"column":9086}},"48":{"start":{"line":294,"column":12},"end":{"line":294,"column":24}},"49":{"start":{"line":297,"column":8},"end":{"line":297,"column":19}}},"branchMap":{"1":{"line":39,"type":"if","locations":[{"start":{"line":39,"column":8},"end":{"line":39,"column":8}},{"start":{"line":39,"column":8},"end":{"line":39,"column":8}}]},"2":{"line":102,"type":"if","locations":[{"start":{"line":102,"column":8},"end":{"line":102,"column":8}},{"start":{"line":102,"column":8},"end":{"line":102,"column":8}}]},"3":{"line":122,"type":"if","locations":[{"start":{"line":122,"column":8},"end":{"line":122,"column":8}},{"start":{"line":122,"column":8},"end":{"line":122,"column":8}}]},"4":{"line":139,"type":"if","locations":[{"start":{"line":139,"column":8},"end":{"line":139,"column":8}},{"start":{"line":139,"column":8},"end":{"line":139,"column":8}}]},"5":{"line":144,"type":"if","locations":[{"start":{"line":144,"column":8},"end":{"line":144,"column":8}},{"start":{"line":144,"column":8},"end":{"line":144,"column":8}}]},"6":{"line":203,"type":"if","locations":[{"start":{"line":203,"column":8},"end":{"line":203,"column":8}},{"start":{"line":203,"column":8},"end":{"line":203,"column":8}}]},"7":{"line":207,"type":"if","locations":[{"start":{"line":207,"column":8},"end":{"line":207,"column":8}},{"start":{"line":207,"column":8},"end":{"line":207,"column":8}}]},"8":{"line":222,"type":"if","locations":[{"start":{"line":222,"column":16},"end":{"line":222,"column":16}},{"start":{"line":222,"column":16},"end":{"line":222,"column":16}}]},"9":{"line":254,"type":"if","locations":[{"start":{"line":254,"column":12},"end":{"line":254,"column":12}},{"start":{"line":254,"column":12},"end":{"line":254,"column":12}}]},"10":{"line":281,"type":"if","locations":[{"start":{"line":281,"column":8},"end":{"line":281,"column":8}},{"start":{"line":281,"column":8},"end":{"line":281,"column":8}}]},"11":{"line":288,"type":"if","locations":[{"start":{"line":288,"column":8},"end":{"line":288,"column":8}},{"start":{"line":288,"column":8},"end":{"line":288,"column":8}}]},"12":{"line":293,"type":"if","locations":[{"start":{"line":293,"column":8},"end":{"line":293,"column":8}},{"start":{"line":293,"column":8},"end":{"line":293,"column":8}}]},"13":{"line":293,"type":"cond-expr","locations":[{"start":{"line":293,"column":12},"end":{"line":293,"column":30}},{"start":{"line":293,"column":35},"end":{"line":293,"column":53}}]}}},"contracts/libraries/DataValidation.sol":{"l":{"51":632,"52":632,"55":632,"56":2,"57":2,"58":2,"61":630,"62":25,"65":630,"66":4,"70":630,"71":4880,"72":3,"73":3,"77":630,"78":4959,"79":2,"80":2,"85":630,"86":629,"89":629,"90":629,"91":27,"93":629,"95":629,"96":629,"105":66,"108":66,"109":0,"113":66,"114":0,"117":66,"130":0,"131":0,"134":0,"135":0,"136":0,"138":0,"139":0,"143":0,"144":0,"149":0,"150":0,"151":0,"154":0,"163":380,"166":380,"167":380,"168":380,"171":380,"172":1900,"173":5700,"174":0,"175":0,"176":0,"181":380,"182":380,"184":0,"187":380,"196":1888,"198":1864,"199":1863,"201":1863,"202":14689,"203":14689,"206":1863,"207":1863,"216":1864,"218":1864,"219":1864,"220":1864,"223":1863,"224":1863,"237":629,"238":629,"241":629,"243":629,"244":3,"246":626,"249":629,"258":1863,"260":1863,"261":1863,"262":1863,"263":15015,"264":15015},"path":"/Users/baturalpguvenc/Documents/GitHub/QLK-Oracle-Contracts/contracts/libraries/DataValidation.sol","s":{"1":632,"2":632,"3":2,"4":630,"5":630,"6":630,"7":4880,"8":630,"9":4959,"10":629,"11":629,"12":629,"13":66,"14":66,"15":0,"16":66,"17":0,"18":66,"19":0,"20":0,"21":0,"22":0,"23":0,"24":0,"25":0,"26":0,"27":0,"28":0,"29":380,"30":380,"31":380,"32":380,"33":1900,"34":5700,"35":0,"36":380,"37":380,"38":1888,"39":24,"40":1864,"41":1863,"42":1863,"43":14689,"44":1863,"45":1864,"46":0,"47":1864,"48":1864,"49":1863,"50":629,"51":629,"52":629,"53":629,"54":629,"55":1863,"56":0,"57":1863,"58":1863},"b":{"1":[2,630],"2":[1,1],"3":[25,605],"4":[16,9],"5":[4,626],"6":[3,1],"7":[3,4877],"8":[2,4957],"9":[0,66],"10":[0,66],"11":[0,0],"12":[0,0],"13":[0,0],"14":[0,380],"15":[0,5700],"16":[380,0],"17":[24,1864],"18":[6581,8108],"19":[0,1864],"20":[3,626],"21":[102,524],"22":[0,1863]},"f":{"1":632,"2":66,"3":0,"4":380,"5":1888,"6":1864,"7":629,"8":1863},"fnMap":{"1":{"name":"validateFeeData","line":47,"loc":{"start":{"line":47,"column":4},"end":{"line":97,"column":4}}},"2":{"name":"validateTimestamp","line":104,"loc":{"start":{"line":104,"column":4},"end":{"line":118,"column":4}}},"3":{"name":"detectOutliers","line":126,"loc":{"start":{"line":126,"column":4},"end":{"line":155,"column":4}}},"4":{"name":"calculateMedian","line":162,"loc":{"start":{"line":162,"column":4},"end":{"line":188,"column":4}}},"5":{"name":"calculateArrayDeviation","line":195,"loc":{"start":{"line":195,"column":4},"end":{"line":208,"column":4}}},"6":{"name":"calculateMean","line":215,"loc":{"start":{"line":215,"column":4},"end":{"line":225,"column":4}}},"7":{"name":"calculateConfidence","line":233,"loc":{"start":{"line":233,"column":4},"end":{"line":250,"column":4}}},"8":{"name":"sqrt","line":257,"loc":{"start":{"line":257,"column":4},"end":{"line":266,"column":4}}}},"statementMap":{"1":{"start":{"line":52,"column":8},"end":{"line":52,"column":30}},"2":{"start":{"line":55,"column":8},"end":{"line":55,"column":2038}},"3":{"start":{"line":58,"column":12},"end":{"line":58,"column":25}},"4":{"start":{"line":61,"column":8},"end":{"line":61,"column":2245}},"5":{"start":{"line":65,"column":8},"end":{"line":65,"column":2410}},"6":{"start":{"line":70,"column":8},"end":{"line":70,"column":2613}},"7":{"start":{"line":71,"column":12},"end":{"line":71,"column":2676}},"8":{"start":{"line":77,"column":8},"end":{"line":77,"column":2842}},"9":{"start":{"line":78,"column":12},"end":{"line":78,"column":2905}},"10":{"start":{"line":89,"column":8},"end":{"line":89,"column":63}},"11":{"start":{"line":90,"column":8},"end":{"line":90,"column":3353}},"12":{"start":{"line":96,"column":8},"end":{"line":96,"column":21}},"13":{"start":{"line":105,"column":8},"end":{"line":105,"column":45}},"14":{"start":{"line":108,"column":8},"end":{"line":108,"column":3935}},"15":{"start":{"line":109,"column":12},"end":{"line":109,"column":24}},"16":{"start":{"line":113,"column":8},"end":{"line":113,"column":4096}},"17":{"start":{"line":114,"column":12},"end":{"line":114,"column":24}},"18":{"start":{"line":117,"column":8},"end":{"line":117,"column":19}},"19":{"start":{"line":130,"column":8},"end":{"line":130,"column":4641}},"20":{"start":{"line":131,"column":12},"end":{"line":131,"column":35}},"21":{"start":{"line":134,"column":8},"end":{"line":134,"column":46}},"22":{"start":{"line":135,"column":8},"end":{"line":135,"column":66}},"23":{"start":{"line":136,"column":8},"end":{"line":136,"column":32}},"24":{"start":{"line":138,"column":8},"end":{"line":138,"column":4871}},"25":{"start":{"line":139,"column":12},"end":{"line":139,"column":4974}},"26":{"start":{"line":143,"column":12},"end":{"line":143,"column":5107}},"27":{"start":{"line":150,"column":8},"end":{"line":150,"column":5311}},"28":{"start":{"line":154,"column":8},"end":{"line":154,"column":29}},"29":{"start":{"line":163,"column":8},"end":{"line":163,"column":53}},"30":{"start":{"line":166,"column":8},"end":{"line":166,"column":64}},"31":{"start":{"line":167,"column":8},"end":{"line":167,"column":5893}},"32":{"start":{"line":171,"column":8},"end":{"line":171,"column":6001}},"33":{"start":{"line":172,"column":12},"end":{"line":172,"column":6071}},"34":{"start":{"line":173,"column":16},"end":{"line":173,"column":6149}},"35":{"start":{"line":174,"column":20},"end":{"line":174,"column":48}},"36":{"start":{"line":181,"column":8},"end":{"line":181,"column":6392}},"37":{"start":{"line":187,"column":8},"end":{"line":187,"column":21}},"38":{"start":{"line":196,"column":8},"end":{"line":196,"column":38}},"39":{"start":{"line":196,"column":30},"end":{"line":196,"column":38}},"40":{"start":{"line":198,"column":8},"end":{"line":198,"column":42}},"41":{"start":{"line":199,"column":8},"end":{"line":199,"column":35}},"42":{"start":{"line":201,"column":8},"end":{"line":201,"column":7067}},"43":{"start":{"line":202,"column":12},"end":{"line":202,"column":75}},"44":{"start":{"line":207,"column":8},"end":{"line":207,"column":24}},"45":{"start":{"line":216,"column":8},"end":{"line":216,"column":38}},"46":{"start":{"line":216,"column":30},"end":{"line":216,"column":38}},"47":{"start":{"line":218,"column":8},"end":{"line":218,"column":23}},"48":{"start":{"line":219,"column":8},"end":{"line":219,"column":7659}},"49":{"start":{"line":224,"column":8},"end":{"line":224,"column":19}},"50":{"start":{"line":237,"column":8},"end":{"line":237,"column":63}},"51":{"start":{"line":238,"column":8},"end":{"line":238,"column":63}},"52":{"start":{"line":241,"column":8},"end":{"line":241,"column":64}},"53":{"start":{"line":243,"column":8},"end":{"line":243,"column":8436}},"54":{"start":{"line":249,"column":8},"end":{"line":249,"column":25}},"55":{"start":{"line":258,"column":8},"end":{"line":258,"column":28}},"56":{"start":{"line":258,"column":20},"end":{"line":258,"column":28}},"57":{"start":{"line":260,"column":8},"end":{"line":260,"column":31}},"58":{"start":{"line":262,"column":8},"end":{"line":262,"column":8960}}},"branchMap":{"1":{"line":55,"type":"if","locations":[{"start":{"line":55,"column":8},"end":{"line":55,"column":8}},{"start":{"line":55,"column":8},"end":{"line":55,"column":8}}]},"2":{"line":55,"type":"cond-expr","locations":[{"start":{"line":55,"column":12},"end":{"line":55,"column":30}},{"start":{"line":55,"column":35},"end":{"line":55,"column":53}}]},"3":{"line":61,"type":"if","locations":[{"start":{"line":61,"column":8},"end":{"line":61,"column":8}},{"start":{"line":61,"column":8},"end":{"line":61,"column":8}}]},"4":{"line":61,"type":"cond-expr","locations":[{"start":{"line":61,"column":12},"end":{"line":61,"column":43}},{"start":{"line":61,"column":48},"end":{"line":61,"column":79}}]},"5":{"line":65,"type":"if","locations":[{"start":{"line":65,"column":8},"end":{"line":65,"column":8}},{"start":{"line":65,"column":8},"end":{"line":65,"column":8}}]},"6":{"line":65,"type":"cond-expr","locations":[{"start":{"line":65,"column":12},"end":{"line":65,"column":43}},{"start":{"line":65,"column":48},"end":{"line":65,"column":79}}]},"7":{"line":71,"type":"if","locations":[{"start":{"line":71,"column":12},"end":{"line":71,"column":12}},{"start":{"line":71,"column":12},"end":{"line":71,"column":12}}]},"8":{"line":78,"type":"if","locations":[{"start":{"line":78,"column":12},"end":{"line":78,"column":12}},{"start":{"line":78,"column":12},"end":{"line":78,"column":12}}]},"9":{"line":108,"type":"if","locations":[{"start":{"line":108,"column":8},"end":{"line":108,"column":8}},{"start":{"line":108,"column":8},"end":{"line":108,"column":8}}]},"10":{"line":113,"type":"if","locations":[{"start":{"line":113,"column":8},"end":{"line":113,"column":8}},{"start":{"line":113,"column":8},"end":{"line":113,"column":8}}]},"11":{"line":130,"type":"if","locations":[{"start":{"line":130,"column":8},"end":{"line":130,"column":8}},{"start":{"line":130,"column":8},"end":{"line":130,"column":8}}]},"12":{"line":140,"type":"if","locations":[{"start":{"line":140,"column":18},"end":{"line":140,"column":54}},{"start":{"line":141,"column":18},"end":{"line":141,"column":54}}]},"13":{"line":143,"type":"if","locations":[{"start":{"line":143,"column":12},"end":{"line":143,"column":12}},{"start":{"line":143,"column":12},"end":{"line":143,"column":12}}]},"14":{"line":163,"type":"if","locations":[{"start":{"line":163,"column":8},"end":{"line":163,"column":8}},{"start":{"line":163,"column":8},"end":{"line":163,"column":8}}]},"15":{"line":173,"type":"if","locations":[{"start":{"line":173,"column":16},"end":{"line":173,"column":16}},{"start":{"line":173,"column":16},"end":{"line":173,"column":16}}]},"16":{"line":181,"type":"if","locations":[{"start":{"line":181,"column":8},"end":{"line":181,"column":8}},{"start":{"line":181,"column":8},"end":{"line":181,"column":8}}]},"17":{"line":196,"type":"if","locations":[{"start":{"line":196,"column":8},"end":{"line":196,"column":8}},{"start":{"line":196,"column":8},"end":{"line":196,"column":8}}]},"18":{"line":202,"type":"if","locations":[{"start":{"line":202,"column":44},"end":{"line":202,"column":57}},{"start":{"line":202,"column":61},"end":{"line":202,"column":74}}]},"19":{"line":216,"type":"if","locations":[{"start":{"line":216,"column":8},"end":{"line":216,"column":8}},{"start":{"line":216,"column":8},"end":{"line":216,"column":8}}]},"20":{"line":243,"type":"if","locations":[{"start":{"line":243,"column":8},"end":{"line":243,"column":8}},{"start":{"line":243,"column":8},"end":{"line":243,"column":8}}]},"21":{"line":246,"type":"if","locations":[{"start":{"line":246,"column":47},"end":{"line":246,"column":47}},{"start":{"line":246,"column":51},"end":{"line":246,"column":75}}]},"22":{"line":258,"type":"if","locations":[{"start":{"line":258,"column":8},"end":{"line":258,"column":8}},{"start":{"line":258,"column":8},"end":{"line":258,"column":8}}]}}},"contracts/oracle/AccessControlManager.sol":{"l":{"110":0,"111":0,"118":147,"119":147,"120":147,"127":0,"128":0,"130":0,"138":19,"140":18,"141":18,"142":18,"145":18,"146":18,"149":18,"150":18,"151":18,"152":18,"153":18,"154":18,"157":18,"171":6,"172":5,"174":4,"175":4,"176":4,"178":4,"192":140,"193":139,"195":138,"196":138,"198":138,"207":138,"208":138,"209":138,"211":136,"212":132,"220":1,"221":1,"222":0,"224":0,"226":0,"235":2,"236":2,"239":2,"240":2,"241":2,"242":2,"247":2,"248":2,"250":2,"251":2,"252":2,"253":2,"257":2,"266":1,"282":7,"283":4,"286":3,"298":4,"299":4,"307":2,"308":2,"319":730,"320":4,"324":726,"325":160,"329":566,"330":2,"334":564,"335":1,"338":563,"348":499,"349":334,"352":165,"353":165,"355":165,"356":159,"359":6,"367":1,"369":1,"370":7,"371":1,"372":1,"383":0,"385":0,"386":0,"398":726,"399":392,"401":334,"402":165,"404":169,"405":31,"407":138,"408":31,"410":107,"411":21,"413":86,"414":19,"416":67,"417":38,"419":29,"420":29,"423":0,"430":566,"432":566,"433":3,"435":3,"438":2,"442":564,"449":564,"451":564,"452":561,"455":3,"462":169,"469":1,"470":1,"471":1,"472":1,"473":1,"474":1,"475":1,"476":1,"477":1,"493":5},"path":"/Users/baturalpguvenc/Documents/GitHub/QLK-Oracle-Contracts/contracts/oracle/AccessControlManager.sol","s":{"1":0,"2":147,"3":0,"4":19,"5":18,"6":18,"7":18,"8":18,"9":18,"10":18,"11":18,"12":18,"13":18,"14":18,"15":18,"16":6,"17":5,"18":4,"19":4,"20":140,"21":139,"22":138,"23":138,"24":138,"25":138,"26":136,"27":131,"28":1,"29":1,"30":0,"31":0,"32":2,"33":2,"34":2,"35":2,"36":2,"37":2,"38":2,"39":2,"40":2,"41":2,"42":1,"43":7,"44":4,"45":2,"46":730,"47":4,"48":726,"49":160,"50":566,"51":2,"52":564,"53":1,"54":562,"55":499,"56":334,"57":165,"58":165,"59":165,"60":159,"61":6,"62":1,"63":1,"64":7,"65":1,"66":1,"67":0,"68":0,"69":0,"70":726,"71":392,"72":334,"73":165,"74":169,"75":31,"76":138,"77":31,"78":107,"79":21,"80":86,"81":19,"82":67,"83":38,"84":29,"85":29,"86":0,"87":566,"88":566,"89":3,"90":3,"91":2,"92":564,"93":564,"94":564,"95":561,"96":3,"97":169,"98":1,"99":1,"100":5},"b":{"1":[0,0],"2":[19,1],"3":[18,1],"4":[6,0],"5":[6,0],"6":[5,1],"7":[4,1],"8":[140,0],"9":[139,1],"10":[138,1],"11":[1,0],"12":[0,1],"13":[0,0],"14":[2,0],"15":[2,0],"16":[7,1],"17":[4,3],"18":[1,3],"19":[4,1],"20":[2,1],"21":[4,726],"22":[160,566],"23":[2,564],"24":[1,563],"25":[334,165],"26":[159,6],"27":[1,6],"28":[0,0],"29":[0,0],"30":[392,334],"31":[165,169],"32":[31,138],"33":[31,107],"34":[21,86],"35":[19,67],"36":[38,29],"37":[29,0],"38":[2,1],"39":[561,3],"40":[0,0]},"f":{"1":0,"2":147,"3":0,"4":19,"5":6,"6":140,"7":1,"8":2,"9":1,"10":7,"11":4,"12":2,"13":730,"14":499,"15":1,"16":0,"17":726,"18":566,"19":564,"20":169,"21":1,"22":0,"23":5},"fnMap":{"1":{"name":"timeBasedAccess","line":109,"loc":{"start":{"line":109,"column":4},"end":{"line":112,"column":4}}},"2":{"name":"recordActivity","line":117,"loc":{"start":{"line":117,"column":4},"end":{"line":121,"column":4}}},"3":{"name":"onlyActiveAccount","line":126,"loc":{"start":{"line":126,"column":4},"end":{"line":131,"column":4}}},"4":{"name":"initialize","line":137,"loc":{"start":{"line":137,"column":4},"end":{"line":158,"column":4}}},"5":{"name":"grantRoleWithExpiry","line":170,"loc":{"start":{"line":166,"column":4},"end":{"line":179,"column":4}}},"6":{"name":"delegatePermission","line":191,"loc":{"start":{"line":187,"column":4},"end":{"line":213,"column":4}}},"7":{"name":"revokeDelegation","line":219,"loc":{"start":{"line":219,"column":4},"end":{"line":227,"column":4}}},"8":{"name":"getActiveDelegations","line":234,"loc":{"start":{"line":234,"column":4},"end":{"line":258,"column":4}}},"9":{"name":"getDelegationDetails","line":265,"loc":{"start":{"line":265,"column":4},"end":{"line":267,"column":4}}},"10":{"name":"setTimeBasedAccess","line":281,"loc":{"start":{"line":276,"column":4},"end":{"line":291,"column":4}}},"11":{"name":"activateEmergencyOverride","line":297,"loc":{"start":{"line":297,"column":4},"end":{"line":300,"column":4}}},"12":{"name":"deactivateEmergencyOverride","line":306,"loc":{"start":{"line":306,"column":4},"end":{"line":309,"column":4}}},"13":{"name":"hasPermission","line":317,"loc":{"start":{"line":317,"column":4},"end":{"line":339,"column":4}}},"14":{"name":"isRoleValid","line":347,"loc":{"start":{"line":347,"column":4},"end":{"line":360,"column":4}}},"15":{"name":"revokeExpiredRoles","line":366,"loc":{"start":{"line":366,"column":4},"end":{"line":375,"column":4}}},"16":{"name":"_checkTimeBasedAccess","line":382,"loc":{"start":{"line":382,"column":4},"end":{"line":391,"column":4}}},"17":{"name":"_hasDirectPermission","line":396,"loc":{"start":{"line":396,"column":4},"end":{"line":424,"column":4}}},"18":{"name":"_hasDelegatedPermission","line":429,"loc":{"start":{"line":429,"column":4},"end":{"line":443,"column":4}}},"19":{"name":"_hasTimeBasedAccess","line":448,"loc":{"start":{"line":448,"column":4},"end":{"line":456,"column":4}}},"20":{"name":"_getRoleKey","line":461,"loc":{"start":{"line":461,"column":4},"end":{"line":463,"column":4}}},"21":{"name":"_getAllRoles","line":468,"loc":{"start":{"line":468,"column":4},"end":{"line":478,"column":4}}},"22":{"name":"_authorizeUpgrade","line":485,"loc":{"start":{"line":485,"column":4},"end":{"line":487,"column":4}}},"23":{"name":"version","line":492,"loc":{"start":{"line":492,"column":4},"end":{"line":494,"column":4}}}},"statementMap":{"1":{"start":{"line":110,"column":8},"end":{"line":110,"column":52}},"2":{"start":{"line":119,"column":8},"end":{"line":119,"column":58}},"3":{"start":{"line":127,"column":8},"end":{"line":127,"column":4801}},"4":{"start":{"line":138,"column":8},"end":{"line":138,"column":71}},"5":{"start":{"line":140,"column":8},"end":{"line":140,"column":29}},"6":{"start":{"line":141,"column":8},"end":{"line":141,"column":24}},"7":{"start":{"line":142,"column":8},"end":{"line":142,"column":31}},"8":{"start":{"line":145,"column":8},"end":{"line":145,"column":49}},"9":{"start":{"line":146,"column":8},"end":{"line":146,"column":47}},"10":{"start":{"line":149,"column":8},"end":{"line":149,"column":50}},"11":{"start":{"line":150,"column":8},"end":{"line":150,"column":51}},"12":{"start":{"line":151,"column":8},"end":{"line":151,"column":59}},"13":{"start":{"line":152,"column":8},"end":{"line":152,"column":55}},"14":{"start":{"line":153,"column":8},"end":{"line":153,"column":57}},"15":{"start":{"line":154,"column":8},"end":{"line":154,"column":64}},"16":{"start":{"line":171,"column":8},"end":{"line":171,"column":77}},"17":{"start":{"line":172,"column":8},"end":{"line":172,"column":98}},"18":{"start":{"line":174,"column":8},"end":{"line":174,"column":32}},"19":{"start":{"line":178,"column":8},"end":{"line":178,"column":73}},"20":{"start":{"line":192,"column":8},"end":{"line":192,"column":83}},"21":{"start":{"line":193,"column":8},"end":{"line":193,"column":66}},"22":{"start":{"line":196,"column":8},"end":{"line":196,"column":55}},"23":{"start":{"line":207,"column":8},"end":{"line":207,"column":53}},"24":{"start":{"line":208,"column":8},"end":{"line":208,"column":61}},"25":{"start":{"line":209,"column":8},"end":{"line":209,"column":41}},"26":{"start":{"line":211,"column":8},"end":{"line":211,"column":79}},"27":{"start":{"line":212,"column":8},"end":{"line":212,"column":27}},"28":{"start":{"line":220,"column":8},"end":{"line":220,"column":84}},"29":{"start":{"line":221,"column":8},"end":{"line":221,"column":67}},"30":{"start":{"line":222,"column":8},"end":{"line":222,"column":60}},"31":{"start":{"line":226,"column":8},"end":{"line":226,"column":73}},"32":{"start":{"line":235,"column":8},"end":{"line":235,"column":68}},"33":{"start":{"line":236,"column":8},"end":{"line":236,"column":31}},"34":{"start":{"line":239,"column":8},"end":{"line":239,"column":9001}},"35":{"start":{"line":240,"column":12},"end":{"line":240,"column":93}},"36":{"start":{"line":241,"column":12},"end":{"line":241,"column":9167}},"37":{"start":{"line":248,"column":8},"end":{"line":248,"column":25}},"38":{"start":{"line":250,"column":8},"end":{"line":250,"column":9422}},"39":{"start":{"line":251,"column":12},"end":{"line":251,"column":93}},"40":{"start":{"line":252,"column":12},"end":{"line":252,"column":9588}},"41":{"start":{"line":257,"column":8},"end":{"line":257,"column":26}},"42":{"start":{"line":266,"column":8},"end":{"line":266,"column":50}},"43":{"start":{"line":282,"column":8},"end":{"line":282,"column":10522}},"44":{"start":{"line":299,"column":8},"end":{"line":299,"column":60}},"45":{"start":{"line":308,"column":8},"end":{"line":308,"column":62}},"46":{"start":{"line":319,"column":8},"end":{"line":319,"column":11879}},"47":{"start":{"line":320,"column":12},"end":{"line":320,"column":23}},"48":{"start":{"line":324,"column":8},"end":{"line":324,"column":11999}},"49":{"start":{"line":325,"column":12},"end":{"line":325,"column":23}},"50":{"start":{"line":329,"column":8},"end":{"line":329,"column":12131}},"51":{"start":{"line":330,"column":12},"end":{"line":330,"column":23}},"52":{"start":{"line":334,"column":8},"end":{"line":334,"column":12262}},"53":{"start":{"line":335,"column":12},"end":{"line":335,"column":23}},"54":{"start":{"line":338,"column":8},"end":{"line":338,"column":20}},"55":{"start":{"line":348,"column":8},"end":{"line":348,"column":12677}},"56":{"start":{"line":349,"column":12},"end":{"line":349,"column":24}},"57":{"start":{"line":352,"column":8},"end":{"line":352,"column":52}},"58":{"start":{"line":353,"column":8},"end":{"line":353,"column":54}},"59":{"start":{"line":355,"column":8},"end":{"line":355,"column":12872}},"60":{"start":{"line":356,"column":12},"end":{"line":356,"column":23}},"61":{"start":{"line":359,"column":8},"end":{"line":359,"column":44}},"62":{"start":{"line":367,"column":8},"end":{"line":367,"column":47}},"63":{"start":{"line":369,"column":8},"end":{"line":369,"column":13260}},"64":{"start":{"line":370,"column":12},"end":{"line":370,"column":13321}},"65":{"start":{"line":371,"column":16},"end":{"line":371,"column":45}},"66":{"start":{"line":372,"column":16},"end":{"line":372,"column":59}},"67":{"start":{"line":383,"column":8},"end":{"line":383,"column":77}},"68":{"start":{"line":385,"column":8},"end":{"line":385,"column":13846}},"69":{"start":{"line":386,"column":12},"end":{"line":386,"column":13885}},"70":{"start":{"line":398,"column":8},"end":{"line":398,"column":14286}},"71":{"start":{"line":399,"column":12},"end":{"line":399,"column":99}},"72":{"start":{"line":401,"column":8},"end":{"line":401,"column":14442}},"73":{"start":{"line":402,"column":12},"end":{"line":402,"column":97}},"74":{"start":{"line":404,"column":8},"end":{"line":404,"column":14602}},"75":{"start":{"line":405,"column":12},"end":{"line":405,"column":97}},"76":{"start":{"line":407,"column":8},"end":{"line":407,"column":14757}},"77":{"start":{"line":408,"column":12},"end":{"line":408,"column":83}},"78":{"start":{"line":410,"column":8},"end":{"line":410,"column":14899}},"79":{"start":{"line":411,"column":12},"end":{"line":411,"column":111}},"80":{"start":{"line":413,"column":8},"end":{"line":413,"column":15068}},"81":{"start":{"line":414,"column":12},"end":{"line":414,"column":95}},"82":{"start":{"line":416,"column":8},"end":{"line":416,"column":15226}},"83":{"start":{"line":417,"column":12},"end":{"line":417,"column":105}},"84":{"start":{"line":419,"column":8},"end":{"line":419,"column":15392}},"85":{"start":{"line":420,"column":12},"end":{"line":420,"column":87}},"86":{"start":{"line":423,"column":8},"end":{"line":423,"column":20}},"87":{"start":{"line":430,"column":8},"end":{"line":430,"column":68}},"88":{"start":{"line":432,"column":8},"end":{"line":432,"column":15829}},"89":{"start":{"line":433,"column":12},"end":{"line":433,"column":93}},"90":{"start":{"line":435,"column":12},"end":{"line":435,"column":15996}},"91":{"start":{"line":438,"column":16},"end":{"line":438,"column":27}},"92":{"start":{"line":442,"column":8},"end":{"line":442,"column":20}},"93":{"start":{"line":449,"column":8},"end":{"line":449,"column":77}},"94":{"start":{"line":451,"column":8},"end":{"line":451,"column":16496}},"95":{"start":{"line":452,"column":12},"end":{"line":452,"column":24}},"96":{"start":{"line":455,"column":8},"end":{"line":455,"column":87}},"97":{"start":{"line":462,"column":8},"end":{"line":462,"column":57}},"98":{"start":{"line":469,"column":8},"end":{"line":469,"column":49}},"99":{"start":{"line":477,"column":8},"end":{"line":477,"column":20}},"100":{"start":{"line":493,"column":8},"end":{"line":493,"column":22}}},"branchMap":{"1":{"line":127,"type":"if","locations":[{"start":{"line":127,"column":8},"end":{"line":127,"column":8}},{"start":{"line":127,"column":8},"end":{"line":127,"column":8}}]},"2":{"line":137,"type":"if","locations":[{"start":{"line":137,"column":51},"end":{"line":137,"column":51}},{"start":{"line":137,"column":51},"end":{"line":137,"column":51}}]},"3":{"line":138,"type":"if","locations":[{"start":{"line":138,"column":8},"end":{"line":138,"column":8}},{"start":{"line":138,"column":8},"end":{"line":138,"column":8}}]},"4":{"line":170,"type":"if","locations":[{"start":{"line":170,"column":15},"end":{"line":170,"column":15}},{"start":{"line":170,"column":15},"end":{"line":170,"column":15}}]},"5":{"line":170,"type":"if","locations":[{"start":{"line":170,"column":44},"end":{"line":170,"column":44}},{"start":{"line":170,"column":44},"end":{"line":170,"column":44}}]},"6":{"line":171,"type":"if","locations":[{"start":{"line":171,"column":8},"end":{"line":171,"column":8}},{"start":{"line":171,"column":8},"end":{"line":171,"column":8}}]},"7":{"line":172,"type":"if","locations":[{"start":{"line":172,"column":8},"end":{"line":172,"column":8}},{"start":{"line":172,"column":8},"end":{"line":172,"column":8}}]},"8":{"line":191,"type":"if","locations":[{"start":{"line":191,"column":15},"end":{"line":191,"column":15}},{"start":{"line":191,"column":15},"end":{"line":191,"column":15}}]},"9":{"line":192,"type":"if","locations":[{"start":{"line":192,"column":8},"end":{"line":192,"column":8}},{"start":{"line":192,"column":8},"end":{"line":192,"column":8}}]},"10":{"line":193,"type":"if","locations":[{"start":{"line":193,"column":8},"end":{"line":193,"column":8}},{"start":{"line":193,"column":8},"end":{"line":193,"column":8}}]},"11":{"line":219,"type":"if","locations":[{"start":{"line":219,"column":61},"end":{"line":219,"column":61}},{"start":{"line":219,"column":61},"end":{"line":219,"column":61}}]},"12":{"line":221,"type":"if","locations":[{"start":{"line":221,"column":8},"end":{"line":221,"column":8}},{"start":{"line":221,"column":8},"end":{"line":221,"column":8}}]},"13":{"line":222,"type":"if","locations":[{"start":{"line":222,"column":8},"end":{"line":222,"column":8}},{"start":{"line":222,"column":8},"end":{"line":222,"column":8}}]},"14":{"line":241,"type":"if","locations":[{"start":{"line":241,"column":12},"end":{"line":241,"column":12}},{"start":{"line":241,"column":12},"end":{"line":241,"column":12}}]},"15":{"line":252,"type":"if","locations":[{"start":{"line":252,"column":12},"end":{"line":252,"column":12}},{"start":{"line":252,"column":12},"end":{"line":252,"column":12}}]},"16":{"line":281,"type":"if","locations":[{"start":{"line":281,"column":15},"end":{"line":281,"column":15}},{"start":{"line":281,"column":15},"end":{"line":281,"column":15}}]},"17":{"line":282,"type":"if","locations":[{"start":{"line":282,"column":8},"end":{"line":282,"column":8}},{"start":{"line":282,"column":8},"end":{"line":282,"column":8}}]},"18":{"line":282,"type":"cond-expr","locations":[{"start":{"line":282,"column":12},"end":{"line":282,"column":31}},{"start":{"line":282,"column":36},"end":{"line":282,"column":61}}]},"19":{"line":297,"type":"if","locations":[{"start":{"line":297,"column":65},"end":{"line":297,"column":65}},{"start":{"line":297,"column":65},"end":{"line":297,"column":65}}]},"20":{"line":306,"type":"if","locations":[{"start":{"line":306,"column":67},"end":{"line":306,"column":67}},{"start":{"line":306,"column":67},"end":{"line":306,"column":67}}]},"21":{"line":319,"type":"if","locations":[{"start":{"line":319,"column":8},"end":{"line":319,"column":8}},{"start":{"line":319,"column":8},"end":{"line":319,"column":8}}]},"22":{"line":324,"type":"if","locations":[{"start":{"line":324,"column":8},"end":{"line":324,"column":8}},{"start":{"line":324,"column":8},"end":{"line":324,"column":8}}]},"23":{"line":329,"type":"if","locations":[{"start":{"line":329,"column":8},"end":{"line":329,"column":8}},{"start":{"line":329,"column":8},"end":{"line":329,"column":8}}]},"24":{"line":334,"type":"if","locations":[{"start":{"line":334,"column":8},"end":{"line":334,"column":8}},{"start":{"line":334,"column":8},"end":{"line":334,"column":8}}]},"25":{"line":348,"type":"if","locations":[{"start":{"line":348,"column":8},"end":{"line":348,"column":8}},{"start":{"line":348,"column":8},"end":{"line":348,"column":8}}]},"26":{"line":355,"type":"if","locations":[{"start":{"line":355,"column":8},"end":{"line":355,"column":8}},{"start":{"line":355,"column":8},"end":{"line":355,"column":8}}]},"27":{"line":370,"type":"if","locations":[{"start":{"line":370,"column":12},"end":{"line":370,"column":12}},{"start":{"line":370,"column":12},"end":{"line":370,"column":12}}]},"28":{"line":385,"type":"if","locations":[{"start":{"line":385,"column":8},"end":{"line":385,"column":8}},{"start":{"line":385,"column":8},"end":{"line":385,"column":8}}]},"29":{"line":386,"type":"if","locations":[{"start":{"line":386,"column":12},"end":{"line":386,"column":12}},{"start":{"line":386,"column":12},"end":{"line":386,"column":12}}]},"30":{"line":398,"type":"if","locations":[{"start":{"line":398,"column":8},"end":{"line":398,"column":8}},{"start":{"line":398,"column":8},"end":{"line":398,"column":8}}]},"31":{"line":401,"type":"if","locations":[{"start":{"line":401,"column":8},"end":{"line":401,"column":8}},{"start":{"line":401,"column":8},"end":{"line":401,"column":8}}]},"32":{"line":404,"type":"if","locations":[{"start":{"line":404,"column":8},"end":{"line":404,"column":8}},{"start":{"line":404,"column":8},"end":{"line":404,"column":8}}]},"33":{"line":407,"type":"if","locations":[{"start":{"line":407,"column":8},"end":{"line":407,"column":8}},{"start":{"line":407,"column":8},"end":{"line":407,"column":8}}]},"34":{"line":410,"type":"if","locations":[{"start":{"line":410,"column":8},"end":{"line":410,"column":8}},{"start":{"line":410,"column":8},"end":{"line":410,"column":8}}]},"35":{"line":413,"type":"if","locations":[{"start":{"line":413,"column":8},"end":{"line":413,"column":8}},{"start":{"line":413,"column":8},"end":{"line":413,"column":8}}]},"36":{"line":416,"type":"if","locations":[{"start":{"line":416,"column":8},"end":{"line":416,"column":8}},{"start":{"line":416,"column":8},"end":{"line":416,"column":8}}]},"37":{"line":419,"type":"if","locations":[{"start":{"line":419,"column":8},"end":{"line":419,"column":8}},{"start":{"line":419,"column":8},"end":{"line":419,"column":8}}]},"38":{"line":435,"type":"if","locations":[{"start":{"line":435,"column":12},"end":{"line":435,"column":12}},{"start":{"line":435,"column":12},"end":{"line":435,"column":12}}]},"39":{"line":451,"type":"if","locations":[{"start":{"line":451,"column":8},"end":{"line":451,"column":8}},{"start":{"line":451,"column":8},"end":{"line":451,"column":8}}]},"40":{"line":485,"type":"if","locations":[{"start":{"line":485,"column":76},"end":{"line":485,"column":76}},{"start":{"line":485,"column":76},"end":{"line":485,"column":76}}]}}},"contracts/oracle/ConsensusEngine.sol":{"l":{"77":1605,"78":0,"80":1605,"87":1507,"88":942,"90":565,"91":0,"93":565,"102":47,"103":46,"105":45,"106":45,"107":45,"108":45,"111":45,"112":45,"115":45,"116":45,"117":45,"119":45,"121":45,"138":565,"139":564,"142":536,"145":536,"153":536,"154":536,"156":536,"165":60,"166":0,"169":60,"171":60,"172":24,"173":24,"177":36,"180":36,"181":0,"184":0,"185":0,"187":0,"189":0,"190":0,"192":0,"200":0,"204":0,"205":0,"208":0,"217":0,"218":0,"220":0,"221":0,"223":0,"225":0,"228":0,"231":0,"234":0,"236":0,"245":38,"247":38,"248":0,"252":38,"253":38,"255":38,"256":38,"258":38,"259":228,"262":228,"263":1132,"264":1132,"265":2,"266":2,"271":228,"272":226,"273":1130,"274":1130,"275":0,"276":0,"281":228,"282":2,"287":38,"288":38,"289":2,"292":38,"301":0,"303":0,"304":0,"306":0,"315":0,"324":8,"331":0,"338":0,"345":0,"352":0,"359":3,"366":4,"373":537,"376":537,"377":537,"384":1,"394":1,"396":1,"397":1,"398":5,"401":1,"410":3,"412":1,"413":1,"415":1,"422":1,"424":1,"427":1,"430":0,"431":0,"433":0,"440":1,"442":1,"443":1,"445":1,"452":3,"453":3,"454":3,"455":3,"458":3,"459":3,"460":0,"474":36,"475":36,"476":36,"479":36,"480":36,"483":0,"485":0,"493":0,"494":0,"495":0,"496":0,"498":0,"505":0,"506":0,"510":0,"511":0,"512":0,"514":0,"515":0,"516":0,"517":0,"519":0,"520":0,"521":0,"523":0,"524":0,"526":0,"527":0,"531":0,"532":0,"533":0,"537":0,"538":0,"540":0,"547":0,"548":0,"549":0,"550":0,"552":0,"559":76,"560":0,"563":76,"564":76,"566":76,"567":380,"568":380,"571":380,"572":2280,"573":2280,"574":2280,"579":380,"581":380,"582":380,"583":380,"586":380,"590":76,"597":76,"598":456,"599":76,"601":456,"602":0,"605":76,"612":2267,"614":2267,"615":2267,"631":3},"path":"/Users/baturalpguvenc/Documents/GitHub/QLK-Oracle-Contracts/contracts/oracle/ConsensusEngine.sol","s":{"1":1605,"2":1507,"3":565,"4":47,"5":46,"6":45,"7":45,"8":45,"9":45,"10":45,"11":45,"12":45,"13":565,"14":564,"15":536,"16":536,"17":536,"18":536,"19":60,"20":60,"21":60,"22":24,"23":24,"24":36,"25":36,"26":0,"27":0,"28":0,"29":0,"30":0,"31":0,"32":0,"33":0,"34":0,"35":0,"36":0,"37":0,"38":38,"39":38,"40":0,"41":38,"42":38,"43":38,"44":38,"45":38,"46":228,"47":228,"48":1132,"49":1132,"50":228,"51":226,"52":1130,"53":1130,"54":228,"55":38,"56":38,"57":0,"58":0,"59":0,"60":0,"61":8,"62":0,"63":0,"64":0,"65":0,"66":3,"67":4,"68":537,"69":537,"70":537,"71":1,"72":1,"73":1,"74":1,"75":1,"76":3,"77":1,"78":1,"79":1,"80":1,"81":0,"82":0,"83":1,"84":1,"85":1,"86":3,"87":3,"88":36,"89":0,"90":0,"91":0,"92":0,"93":0,"94":0,"95":0,"96":0,"97":0,"98":0,"99":0,"100":0,"101":0,"102":0,"103":0,"104":0,"105":76,"106":0,"107":76,"108":76,"109":380,"110":380,"111":380,"112":2280,"113":2280,"114":380,"115":380,"116":380,"117":76,"118":76,"119":456,"120":456,"121":76,"122":2267,"123":0,"124":2267,"125":2267,"126":3},"b":{"1":[0,1605],"2":[942,565],"3":[0,565],"4":[47,1],"5":[46,1],"6":[45,1],"7":[1507,1],"8":[1507,0],"9":[565,942],"10":[536,28],"11":[60,3],"12":[60,0],"13":[0,60],"14":[24,36],"15":[0,0],"16":[0,0],"17":[0,0],"18":[0,0],"19":[0,0],"20":[38,0],"21":[0,38],"22":[2,1130],"23":[226,2],"24":[0,1130],"25":[2,226],"26":[0,0],"27":[0,0],"28":[0,537],"29":[1,0],"30":[1,0],"31":[3,1],"32":[1,2],"33":[1,1],"34":[1,0],"35":[1,0],"36":[1,0],"37":[3,1],"38":[36,0],"39":[0,0],"40":[0,0],"41":[0,0],"42":[0,0],"43":[0,76],"44":[1140,1140],"45":[2280,0],"46":[380,0],"47":[76,380],"48":[0,456],"49":[0,2267],"50":[0,0],"51":[1022,1245],"52":[0,0]},"f":{"1":1605,"2":1507,"3":47,"4":565,"5":60,"6":0,"7":38,"8":0,"9":8,"10":0,"11":0,"12":0,"13":0,"14":3,"15":4,"16":537,"17":1,"18":1,"19":3,"20":1,"21":1,"22":3,"23":36,"24":0,"25":0,"26":0,"27":76,"28":76,"29":2267,"30":0,"31":3},"fnMap":{"1":{"name":"validRound","line":76,"loc":{"start":{"line":76,"column":4},"end":{"line":81,"column":4}}},"2":{"name":"canVote","line":86,"loc":{"start":{"line":86,"column":4},"end":{"line":94,"column":4}}},"3":{"name":"initialize","line":101,"loc":{"start":{"line":101,"column":4},"end":{"line":122,"column":4}}},"4":{"name":"castVote","line":136,"loc":{"start":{"line":131,"column":4},"end":{"line":157,"column":4}}},"5":{"name":"processConsensus","line":164,"loc":{"start":{"line":164,"column":4},"end":{"line":209,"column":4}}},"6":{"name":"aggregateData","line":216,"loc":{"start":{"line":216,"column":4},"end":{"line":237,"column":4}}},"7":{"name":"detectOutliers","line":244,"loc":{"start":{"line":244,"column":4},"end":{"line":293,"column":4}}},"8":{"name":"finalizeRound","line":300,"loc":{"start":{"line":300,"column":4},"end":{"line":316,"column":4}}},"9":{"name":"getCurrentRoundVotes","line":323,"loc":{"start":{"line":323,"column":4},"end":{"line":325,"column":4}}},"10":{"name":"getConsensusStats","line":330,"loc":{"start":{"line":330,"column":4},"end":{"line":332,"column":4}}},"11":{"name":"getAggregationResult","line":337,"loc":{"start":{"line":337,"column":4},"end":{"line":339,"column":4}}},"12":{"name":"hasNodeVoted","line":344,"loc":{"start":{"line":344,"column":4},"end":{"line":346,"column":4}}},"13":{"name":"getRequiredVotes","line":351,"loc":{"start":{"line":351,"column":4},"end":{"line":353,"column":4}}},"14":{"name":"getConsensusThreshold","line":358,"loc":{"start":{"line":358,"column":4},"end":{"line":360,"column":4}}},"15":{"name":"isConsensusReached","line":365,"loc":{"start":{"line":365,"column":4},"end":{"line":367,"column":4}}},"16":{"name":"getVoteWeight","line":372,"loc":{"start":{"line":372,"column":4},"end":{"line":378,"column":4}}},"17":{"name":"getAggregationMethod","line":383,"loc":{"start":{"line":383,"column":4},"end":{"line":385,"column":4}}},"18":{"name":"calculateDeviation","line":390,"loc":{"start":{"line":390,"column":4},"end":{"line":402,"column":4}}},"19":{"name":"setConsensusThreshold","line":409,"loc":{"start":{"line":409,"column":4},"end":{"line":416,"column":4}}},"20":{"name":"setAggregationMethod","line":421,"loc":{"start":{"line":421,"column":4},"end":{"line":434,"column":4}}},"21":{"name":"setOutlierDetectionThreshold","line":439,"loc":{"start":{"line":439,"column":4},"end":{"line":446,"column":4}}},"22":{"name":"resetRound","line":451,"loc":{"start":{"line":451,"column":4},"end":{"line":462,"column":4}}},"23":{"name":"_calculateConsensusStats","line":469,"loc":{"start":{"line":469,"column":4},"end":{"line":486,"column":4}}},"24":{"name":"_aggregateWeightedMedian","line":491,"loc":{"start":{"line":491,"column":4},"end":{"line":499,"column":4}}},"25":{"name":"_aggregateWeightedAverage","line":504,"loc":{"start":{"line":504,"column":4},"end":{"line":541,"column":4}}},"26":{"name":"_aggregateMedian","line":546,"loc":{"start":{"line":546,"column":4},"end":{"line":553,"column":4}}},"27":{"name":"_calculateMedianFees","line":558,"loc":{"start":{"line":558,"column":4},"end":{"line":591,"column":4}}},"28":{"name":"_getMaxFeeLength","line":596,"loc":{"start":{"line":596,"column":4},"end":{"line":606,"column":4}}},"29":{"name":"_calculateDeviation","line":611,"loc":{"start":{"line":611,"column":4},"end":{"line":616,"column":4}}},"30":{"name":"_authorizeUpgrade","line":623,"loc":{"start":{"line":623,"column":4},"end":{"line":625,"column":4}}},"31":{"name":"version","line":630,"loc":{"start":{"line":630,"column":4},"end":{"line":632,"column":4}}}},"statementMap":{"1":{"start":{"line":77,"column":8},"end":{"line":77,"column":3057}},"2":{"start":{"line":87,"column":8},"end":{"line":87,"column":3274}},"3":{"start":{"line":90,"column":8},"end":{"line":90,"column":3378}},"4":{"start":{"line":102,"column":8},"end":{"line":102,"column":60}},"5":{"start":{"line":103,"column":8},"end":{"line":103,"column":74}},"6":{"start":{"line":105,"column":8},"end":{"line":105,"column":29}},"7":{"start":{"line":106,"column":8},"end":{"line":106,"column":24}},"8":{"start":{"line":107,"column":8},"end":{"line":107,"column":31}},"9":{"start":{"line":108,"column":8},"end":{"line":108,"column":31}},"10":{"start":{"line":111,"column":8},"end":{"line":111,"column":44}},"11":{"start":{"line":112,"column":8},"end":{"line":112,"column":36}},"12":{"start":{"line":121,"column":8},"end":{"line":121,"column":77}},"13":{"start":{"line":138,"column":8},"end":{"line":138,"column":108}},"14":{"start":{"line":139,"column":8},"end":{"line":139,"column":54}},"15":{"start":{"line":142,"column":8},"end":{"line":142,"column":43}},"16":{"start":{"line":145,"column":8},"end":{"line":145,"column":5286}},"17":{"start":{"line":153,"column":8},"end":{"line":153,"column":38}},"18":{"start":{"line":156,"column":8},"end":{"line":156,"column":63}},"19":{"start":{"line":165,"column":8},"end":{"line":165,"column":5957}},"20":{"start":{"line":169,"column":8},"end":{"line":169,"column":50}},"21":{"start":{"line":171,"column":8},"end":{"line":171,"column":6126}},"22":{"start":{"line":172,"column":12},"end":{"line":172,"column":105}},"23":{"start":{"line":173,"column":12},"end":{"line":173,"column":24}},"24":{"start":{"line":177,"column":8},"end":{"line":177,"column":59}},"25":{"start":{"line":180,"column":8},"end":{"line":180,"column":88}},"26":{"start":{"line":187,"column":8},"end":{"line":187,"column":6740}},"27":{"start":{"line":189,"column":12},"end":{"line":189,"column":68}},"28":{"start":{"line":192,"column":12},"end":{"line":192,"column":6933}},"29":{"start":{"line":200,"column":12},"end":{"line":200,"column":111}},"30":{"start":{"line":204,"column":8},"end":{"line":204,"column":7331}},"31":{"start":{"line":205,"column":12},"end":{"line":205,"column":89}},"32":{"start":{"line":208,"column":8},"end":{"line":208,"column":31}},"33":{"start":{"line":217,"column":8},"end":{"line":217,"column":50}},"34":{"start":{"line":218,"column":8},"end":{"line":218,"column":57}},"35":{"start":{"line":220,"column":8},"end":{"line":220,"column":7918}},"36":{"start":{"line":222,"column":15},"end":{"line":222,"column":8070}},"37":{"start":{"line":236,"column":8},"end":{"line":236,"column":21}},"38":{"start":{"line":245,"column":8},"end":{"line":245,"column":50}},"39":{"start":{"line":247,"column":8},"end":{"line":247,"column":8955}},"40":{"start":{"line":248,"column":12},"end":{"line":248,"column":35}},"41":{"start":{"line":252,"column":8},"end":{"line":252,"column":71}},"42":{"start":{"line":253,"column":8},"end":{"line":253,"column":72}},"43":{"start":{"line":255,"column":8},"end":{"line":255,"column":67}},"44":{"start":{"line":256,"column":8},"end":{"line":256,"column":32}},"45":{"start":{"line":258,"column":8},"end":{"line":258,"column":9347}},"46":{"start":{"line":259,"column":12},"end":{"line":259,"column":34}},"47":{"start":{"line":262,"column":12},"end":{"line":262,"column":9497}},"48":{"start":{"line":263,"column":16},"end":{"line":263,"column":91}},"49":{"start":{"line":264,"column":16},"end":{"line":264,"column":9691}},"50":{"start":{"line":271,"column":12},"end":{"line":271,"column":9916}},"51":{"start":{"line":272,"column":16},"end":{"line":272,"column":9954}},"52":{"start":{"line":273,"column":20},"end":{"line":273,"column":95}},"53":{"start":{"line":274,"column":20},"end":{"line":274,"column":10156}},"54":{"start":{"line":281,"column":12},"end":{"line":281,"column":10334}},"55":{"start":{"line":288,"column":8},"end":{"line":288,"column":10533}},"56":{"start":{"line":292,"column":8},"end":{"line":292,"column":23}},"57":{"start":{"line":301,"column":8},"end":{"line":301,"column":67}},"58":{"start":{"line":303,"column":8},"end":{"line":303,"column":70}},"59":{"start":{"line":304,"column":8},"end":{"line":304,"column":62}},"60":{"start":{"line":315,"column":8},"end":{"line":315,"column":24}},"61":{"start":{"line":324,"column":8},"end":{"line":324,"column":35}},"62":{"start":{"line":331,"column":8},"end":{"line":331,"column":39}},"63":{"start":{"line":338,"column":8},"end":{"line":338,"column":43}},"64":{"start":{"line":345,"column":8},"end":{"line":345,"column":39}},"65":{"start":{"line":352,"column":8},"end":{"line":352,"column":34}},"66":{"start":{"line":359,"column":8},"end":{"line":359,"column":34}},"67":{"start":{"line":366,"column":8},"end":{"line":366,"column":41}},"68":{"start":{"line":373,"column":8},"end":{"line":373,"column":62}},"69":{"start":{"line":376,"column":8},"end":{"line":376,"column":38}},"70":{"start":{"line":377,"column":8},"end":{"line":377,"column":39}},"71":{"start":{"line":384,"column":8},"end":{"line":384,"column":33}},"72":{"start":{"line":394,"column":8},"end":{"line":394,"column":69}},"73":{"start":{"line":396,"column":8},"end":{"line":396,"column":34}},"74":{"start":{"line":397,"column":8},"end":{"line":397,"column":13934}},"75":{"start":{"line":401,"column":8},"end":{"line":401,"column":67}},"76":{"start":{"line":410,"column":8},"end":{"line":410,"column":75}},"77":{"start":{"line":412,"column":8},"end":{"line":412,"column":48}},"78":{"start":{"line":415,"column":8},"end":{"line":415,"column":69}},"79":{"start":{"line":422,"column":8},"end":{"line":422,"column":53}},"80":{"start":{"line":424,"column":8},"end":{"line":424,"column":14829}},"81":{"start":{"line":430,"column":8},"end":{"line":430,"column":52}},"82":{"start":{"line":433,"column":8},"end":{"line":433,"column":73}},"83":{"start":{"line":440,"column":8},"end":{"line":440,"column":71}},"84":{"start":{"line":442,"column":8},"end":{"line":442,"column":57}},"85":{"start":{"line":445,"column":8},"end":{"line":445,"column":73}},"86":{"start":{"line":458,"column":8},"end":{"line":458,"column":50}},"87":{"start":{"line":459,"column":8},"end":{"line":459,"column":16122}},"88":{"start":{"line":479,"column":8},"end":{"line":479,"column":68}},"89":{"start":{"line":485,"column":8},"end":{"line":485,"column":20}},"90":{"start":{"line":498,"column":8},"end":{"line":498,"column":21}},"91":{"start":{"line":505,"column":8},"end":{"line":505,"column":17883}},"92":{"start":{"line":506,"column":12},"end":{"line":506,"column":25}},"93":{"start":{"line":510,"column":8},"end":{"line":510,"column":54}},"94":{"start":{"line":514,"column":8},"end":{"line":514,"column":18178}},"95":{"start":{"line":515,"column":12},"end":{"line":515,"column":38}},"96":{"start":{"line":516,"column":12},"end":{"line":516,"column":38}},"97":{"start":{"line":517,"column":12},"end":{"line":517,"column":35}},"98":{"start":{"line":519,"column":12},"end":{"line":519,"column":18357}},"99":{"start":{"line":520,"column":16},"end":{"line":520,"column":46}},"100":{"start":{"line":523,"column":16},"end":{"line":523,"column":18510}},"101":{"start":{"line":526,"column":16},"end":{"line":526,"column":18647}},"102":{"start":{"line":531,"column":12},"end":{"line":531,"column":18791}},"103":{"start":{"line":540,"column":8},"end":{"line":540,"column":21}},"104":{"start":{"line":552,"column":8},"end":{"line":552,"column":21}},"105":{"start":{"line":559,"column":8},"end":{"line":559,"column":19711}},"106":{"start":{"line":560,"column":12},"end":{"line":560,"column":35}},"107":{"start":{"line":563,"column":8},"end":{"line":563,"column":51}},"108":{"start":{"line":566,"column":8},"end":{"line":566,"column":19893}},"109":{"start":{"line":567,"column":12},"end":{"line":567,"column":65}},"110":{"start":{"line":568,"column":12},"end":{"line":568,"column":34}},"111":{"start":{"line":571,"column":12},"end":{"line":571,"column":20100}},"112":{"start":{"line":572,"column":16},"end":{"line":572,"column":83}},"113":{"start":{"line":573,"column":16},"end":{"line":573,"column":20250}},"114":{"start":{"line":579,"column":12},"end":{"line":579,"column":20416}},"115":{"start":{"line":581,"column":16},"end":{"line":581,"column":72}},"116":{"start":{"line":582,"column":16},"end":{"line":582,"column":20579}},"117":{"start":{"line":590,"column":8},"end":{"line":590,"column":25}},"118":{"start":{"line":597,"column":8},"end":{"line":597,"column":20993}},"119":{"start":{"line":598,"column":12},"end":{"line":598,"column":21054}},"120":{"start":{"line":601,"column":12},"end":{"line":601,"column":21176}},"121":{"start":{"line":605,"column":8},"end":{"line":605,"column":24}},"122":{"start":{"line":612,"column":8},"end":{"line":612,"column":55}},"123":{"start":{"line":612,"column":25},"end":{"line":612,"column":55}},"124":{"start":{"line":614,"column":8},"end":{"line":614,"column":74}},"125":{"start":{"line":615,"column":8},"end":{"line":615,"column":38}},"126":{"start":{"line":631,"column":8},"end":{"line":631,"column":22}}},"branchMap":{"1":{"line":77,"type":"if","locations":[{"start":{"line":77,"column":8},"end":{"line":77,"column":8}},{"start":{"line":77,"column":8},"end":{"line":77,"column":8}}]},"2":{"line":87,"type":"if","locations":[{"start":{"line":87,"column":8},"end":{"line":87,"column":8}},{"start":{"line":87,"column":8},"end":{"line":87,"column":8}}]},"3":{"line":90,"type":"if","locations":[{"start":{"line":90,"column":8},"end":{"line":90,"column":8}},{"start":{"line":90,"column":8},"end":{"line":90,"column":8}}]},"4":{"line":101,"type":"if","locations":[{"start":{"line":101,"column":68},"end":{"line":101,"column":68}},{"start":{"line":101,"column":68},"end":{"line":101,"column":68}}]},"5":{"line":102,"type":"if","locations":[{"start":{"line":102,"column":8},"end":{"line":102,"column":8}},{"start":{"line":102,"column":8},"end":{"line":102,"column":8}}]},"6":{"line":103,"type":"if","locations":[{"start":{"line":103,"column":8},"end":{"line":103,"column":8}},{"start":{"line":103,"column":8},"end":{"line":103,"column":8}}]},"7":{"line":136,"type":"if","locations":[{"start":{"line":136,"column":24},"end":{"line":136,"column":24}},{"start":{"line":136,"column":24},"end":{"line":136,"column":24}}]},"8":{"line":136,"type":"if","locations":[{"start":{"line":136,"column":46},"end":{"line":136,"column":46}},{"start":{"line":136,"column":46},"end":{"line":136,"column":46}}]},"9":{"line":136,"type":"if","locations":[{"start":{"line":136,"column":66},"end":{"line":136,"column":66}},{"start":{"line":136,"column":66},"end":{"line":136,"column":66}}]},"10":{"line":139,"type":"if","locations":[{"start":{"line":139,"column":8},"end":{"line":139,"column":8}},{"start":{"line":139,"column":8},"end":{"line":139,"column":8}}]},"11":{"line":164,"type":"if","locations":[{"start":{"line":164,"column":65},"end":{"line":164,"column":65}},{"start":{"line":164,"column":65},"end":{"line":164,"column":65}}]},"12":{"line":164,"type":"if","locations":[{"start":{"line":164,"column":87},"end":{"line":164,"column":87}},{"start":{"line":164,"column":87},"end":{"line":164,"column":87}}]},"13":{"line":165,"type":"if","locations":[{"start":{"line":165,"column":8},"end":{"line":165,"column":8}},{"start":{"line":165,"column":8},"end":{"line":165,"column":8}}]},"14":{"line":171,"type":"if","locations":[{"start":{"line":171,"column":8},"end":{"line":171,"column":8}},{"start":{"line":171,"column":8},"end":{"line":171,"column":8}}]},"15":{"line":187,"type":"if","locations":[{"start":{"line":187,"column":8},"end":{"line":187,"column":8}},{"start":{"line":187,"column":8},"end":{"line":187,"column":8}}]},"16":{"line":216,"type":"if","locations":[{"start":{"line":216,"column":60},"end":{"line":216,"column":60}},{"start":{"line":216,"column":60},"end":{"line":216,"column":60}}]},"17":{"line":218,"type":"if","locations":[{"start":{"line":218,"column":8},"end":{"line":218,"column":8}},{"start":{"line":218,"column":8},"end":{"line":218,"column":8}}]},"18":{"line":220,"type":"if","locations":[{"start":{"line":220,"column":8},"end":{"line":220,"column":8}},{"start":{"line":220,"column":8},"end":{"line":220,"column":8}}]},"19":{"line":222,"type":"if","locations":[{"start":{"line":222,"column":15},"end":{"line":222,"column":15}},{"start":{"line":222,"column":15},"end":{"line":222,"column":15}}]},"20":{"line":244,"type":"if","locations":[{"start":{"line":244,"column":66},"end":{"line":244,"column":66}},{"start":{"line":244,"column":66},"end":{"line":244,"column":66}}]},"21":{"line":247,"type":"if","locations":[{"start":{"line":247,"column":8},"end":{"line":247,"column":8}},{"start":{"line":247,"column":8},"end":{"line":247,"column":8}}]},"22":{"line":264,"type":"if","locations":[{"start":{"line":264,"column":16},"end":{"line":264,"column":16}},{"start":{"line":264,"column":16},"end":{"line":264,"column":16}}]},"23":{"line":271,"type":"if","locations":[{"start":{"line":271,"column":12},"end":{"line":271,"column":12}},{"start":{"line":271,"column":12},"end":{"line":271,"column":12}}]},"24":{"line":274,"type":"if","locations":[{"start":{"line":274,"column":20},"end":{"line":274,"column":20}},{"start":{"line":274,"column":20},"end":{"line":274,"column":20}}]},"25":{"line":281,"type":"if","locations":[{"start":{"line":281,"column":12},"end":{"line":281,"column":12}},{"start":{"line":281,"column":12},"end":{"line":281,"column":12}}]},"26":{"line":300,"type":"if","locations":[{"start":{"line":300,"column":67},"end":{"line":300,"column":67}},{"start":{"line":300,"column":67},"end":{"line":300,"column":67}}]},"27":{"line":301,"type":"if","locations":[{"start":{"line":301,"column":8},"end":{"line":301,"column":8}},{"start":{"line":301,"column":8},"end":{"line":301,"column":8}}]},"28":{"line":377,"type":"if","locations":[{"start":{"line":377,"column":29},"end":{"line":377,"column":29}},{"start":{"line":377,"column":33},"end":{"line":377,"column":38}}]},"29":{"line":394,"type":"if","locations":[{"start":{"line":394,"column":8},"end":{"line":394,"column":8}},{"start":{"line":394,"column":8},"end":{"line":394,"column":8}}]},"30":{"line":401,"type":"if","locations":[{"start":{"line":401,"column":34},"end":{"line":401,"column":62}},{"start":{"line":401,"column":66},"end":{"line":401,"column":66}}]},"31":{"line":409,"type":"if","locations":[{"start":{"line":409,"column":73},"end":{"line":409,"column":73}},{"start":{"line":409,"column":73},"end":{"line":409,"column":73}}]},"32":{"line":410,"type":"if","locations":[{"start":{"line":410,"column":8},"end":{"line":410,"column":8}},{"start":{"line":410,"column":8},"end":{"line":410,"column":8}}]},"33":{"line":421,"type":"if","locations":[{"start":{"line":421,"column":76},"end":{"line":421,"column":76}},{"start":{"line":421,"column":76},"end":{"line":421,"column":76}}]},"34":{"line":424,"type":"if","locations":[{"start":{"line":424,"column":8},"end":{"line":424,"column":8}},{"start":{"line":424,"column":8},"end":{"line":424,"column":8}}]},"35":{"line":439,"type":"if","locations":[{"start":{"line":439,"column":79},"end":{"line":439,"column":79}},{"start":{"line":439,"column":79},"end":{"line":439,"column":79}}]},"36":{"line":440,"type":"if","locations":[{"start":{"line":440,"column":8},"end":{"line":440,"column":8}},{"start":{"line":440,"column":8},"end":{"line":440,"column":8}}]},"37":{"line":451,"type":"if","locations":[{"start":{"line":451,"column":59},"end":{"line":451,"column":59}},{"start":{"line":451,"column":59},"end":{"line":451,"column":59}}]},"38":{"line":480,"type":"if","locations":[{"start":{"line":480,"column":59},"end":{"line":480,"column":95}},{"start":{"line":480,"column":99},"end":{"line":480,"column":99}}]},"39":{"line":505,"type":"if","locations":[{"start":{"line":505,"column":8},"end":{"line":505,"column":8}},{"start":{"line":505,"column":8},"end":{"line":505,"column":8}}]},"40":{"line":523,"type":"if","locations":[{"start":{"line":523,"column":16},"end":{"line":523,"column":16}},{"start":{"line":523,"column":16},"end":{"line":523,"column":16}}]},"41":{"line":526,"type":"if","locations":[{"start":{"line":526,"column":16},"end":{"line":526,"column":16}},{"start":{"line":526,"column":16},"end":{"line":526,"column":16}}]},"42":{"line":531,"type":"if","locations":[{"start":{"line":531,"column":12},"end":{"line":531,"column":12}},{"start":{"line":531,"column":12},"end":{"line":531,"column":12}}]},"43":{"line":559,"type":"if","locations":[{"start":{"line":559,"column":8},"end":{"line":559,"column":8}},{"start":{"line":559,"column":8},"end":{"line":559,"column":8}}]},"44":{"line":572,"type":"if","locations":[{"start":{"line":572,"column":48},"end":{"line":572,"column":63}},{"start":{"line":572,"column":67},"end":{"line":572,"column":82}}]},"45":{"line":573,"type":"if","locations":[{"start":{"line":573,"column":16},"end":{"line":573,"column":16}},{"start":{"line":573,"column":16},"end":{"line":573,"column":16}}]},"46":{"line":579,"type":"if","locations":[{"start":{"line":579,"column":12},"end":{"line":579,"column":12}},{"start":{"line":579,"column":12},"end":{"line":579,"column":12}}]},"47":{"line":598,"type":"if","locations":[{"start":{"line":598,"column":12},"end":{"line":598,"column":12}},{"start":{"line":598,"column":12},"end":{"line":598,"column":12}}]},"48":{"line":601,"type":"if","locations":[{"start":{"line":601,"column":12},"end":{"line":601,"column":12}},{"start":{"line":601,"column":12},"end":{"line":601,"column":12}}]},"49":{"line":612,"type":"if","locations":[{"start":{"line":612,"column":8},"end":{"line":612,"column":8}},{"start":{"line":612,"column":8},"end":{"line":612,"column":8}}]},"50":{"line":612,"type":"if","locations":[{"start":{"line":612,"column":46},"end":{"line":612,"column":46}},{"start":{"line":612,"column":50},"end":{"line":612,"column":54}}]},"51":{"line":614,"type":"if","locations":[{"start":{"line":614,"column":41},"end":{"line":614,"column":55}},{"start":{"line":614,"column":59},"end":{"line":614,"column":73}}]},"52":{"line":623,"type":"if","locations":[{"start":{"line":623,"column":82},"end":{"line":623,"column":82}},{"start":{"line":623,"column":82},"end":{"line":623,"column":82}}]}}},"contracts/oracle/NodeManager.sol":{"l":{"75":352,"76":1,"78":351,"85":5,"86":2,"88":3,"96":79,"98":79,"99":79,"100":79,"101":79,"104":79,"105":79,"106":79,"109":79,"116":79,"128":337,"129":1,"132":336,"133":1,"137":335,"138":0,"141":335,"161":335,"163":335,"175":309,"176":309,"179":309,"182":309,"183":309,"186":309,"187":305,"190":309,"191":61,"194":61,"195":61,"196":61,"199":244,"201":4,"202":4,"205":309,"213":6,"214":6,"217":6,"218":1,"222":5,"225":5,"226":5,"229":5,"230":2,"233":5,"245":4,"246":4,"249":4,"252":4,"253":4,"256":4,"257":3,"260":4,"273":3,"280":3,"283":3,"284":3,"285":0,"289":3,"290":3,"291":3,"292":3,"295":3,"296":3,"297":3,"298":3,"301":3,"302":3,"303":3,"305":3,"306":3,"313":5,"314":5,"315":3,"316":3,"318":3,"319":3,"329":3,"330":3,"331":3,"332":3,"333":3,"337":3,"338":0,"342":3,"343":3,"344":3,"345":3,"346":3,"349":3,"350":3,"351":3,"352":3,"355":3,"356":3,"368":1,"369":0,"372":1,"373":1,"374":1,"376":1,"379":1,"380":0,"389":29,"390":29,"391":29,"394":29,"395":29,"406":1,"407":1,"408":1,"411":1,"412":1,"416":1,"423":0,"424":0,"427":0,"428":0,"432":0,"434":0,"441":0,"444":0,"445":0,"448":0,"452":0,"459":0,"461":0,"464":0,"465":0,"466":0,"467":0,"471":0,"473":0,"480":1,"482":1,"483":1,"485":1,"487":1,"488":1,"489":1,"492":1,"493":1,"496":1,"497":1,"500":1,"501":0,"504":0,"505":0,"507":1,"511":0,"512":0,"515":1,"524":250,"531":1,"538":1,"545":1,"552":1,"559":13,"566":0,"573":2,"580":3,"587":1,"588":1,"595":2,"602":4,"609":637,"610":637,"618":538,"628":3,"629":2,"632":1,"633":1,"635":1,"643":1,"645":1,"648":1,"649":1,"652":1,"653":1,"654":1,"656":1,"668":0,"669":0,"672":0,"673":0,"674":0,"675":0,"676":0,"679":0,"680":0,"681":0,"684":0,"685":0,"695":11,"696":11,"698":11,"699":27,"700":27,"702":27,"705":9,"706":9,"710":11,"717":321,"718":11,"721":321,"722":5,"724":6,"726":0,"734":31,"735":35,"736":31,"737":31,"738":31,"747":7,"763":4},"path":"/Users/baturalpguvenc/Documents/GitHub/QLK-Oracle-Contracts/contracts/oracle/NodeManager.sol","s":{"1":352,"2":5,"3":79,"4":79,"5":79,"6":79,"7":79,"8":79,"9":79,"10":79,"11":79,"12":337,"13":336,"14":335,"15":335,"16":309,"17":309,"18":309,"19":309,"20":305,"21":309,"22":61,"23":61,"24":248,"25":244,"26":4,"27":4,"28":309,"29":6,"30":6,"31":6,"32":5,"33":5,"34":2,"35":5,"36":4,"37":4,"38":4,"39":4,"40":3,"41":4,"42":3,"43":3,"44":3,"45":3,"46":3,"47":3,"48":3,"49":3,"50":3,"51":3,"52":5,"53":5,"54":3,"55":3,"56":3,"57":3,"58":3,"59":3,"60":3,"61":3,"62":3,"63":3,"64":3,"65":3,"66":1,"67":1,"68":1,"69":1,"70":1,"71":0,"72":29,"73":29,"74":1,"75":1,"76":1,"77":0,"78":0,"79":0,"80":0,"81":0,"82":0,"83":0,"84":0,"85":0,"86":0,"87":0,"88":0,"89":0,"90":1,"91":1,"92":1,"93":1,"94":1,"95":1,"96":1,"97":1,"98":1,"99":0,"100":0,"101":0,"102":250,"103":1,"104":1,"105":1,"106":1,"107":13,"108":0,"109":2,"110":3,"111":1,"112":1,"113":2,"114":4,"115":637,"116":637,"117":538,"118":3,"119":1,"120":1,"121":1,"122":1,"123":1,"124":1,"125":0,"126":0,"127":0,"128":0,"129":0,"130":0,"131":0,"132":0,"133":0,"134":11,"135":11,"136":11,"137":27,"138":27,"139":27,"140":11,"141":321,"142":11,"143":321,"144":5,"145":316,"146":6,"147":310,"148":0,"149":31,"150":35,"151":31,"152":7,"153":4},"b":{"1":[1,351],"2":[2,3],"3":[79,0],"4":[79,0],"5":[337,3],"6":[1,336],"7":[1,335],"8":[0,335],"9":[310,0],"10":[309,1],"11":[305,4],"12":[0,61],"13":[61,244],"14":[61,248],"15":[61,0],"16":[244,4],"17":[4,0],"18":[6,1],"19":[6,0],"20":[1,5],"21":[2,3],"22":[4,0],"23":[4,0],"24":[4,0],"25":[3,1],"26":[5,0],"27":[3,2],"28":[0,3],"29":[3,0],"30":[3,2],"31":[3,0],"32":[3,0],"33":[0,3],"34":[3,0],"35":[3,0],"36":[1,0],"37":[1,0],"38":[0,1],"39":[0,1],"40":[29,33],"41":[29,0],"42":[29,0],"43":[0,29],"44":[1,0],"45":[1,0],"46":[1,0],"47":[0,1],"48":[0,0],"49":[0,0],"50":[0,0],"51":[0,0],"52":[0,0],"53":[0,0],"54":[0,0],"55":[0,0],"56":[0,0],"57":[0,0],"58":[1,0],"59":[0,1],"60":[0,1],"61":[0,1],"62":[0,1],"63":[0,0],"64":[0,0],"65":[0,0],"66":[0,0],"67":[0,0],"68":[0,1],"69":[0,0],"70":[0,0],"71":[253,383],"72":[3,0],"73":[2,1],"74":[1,1],"75":[1,0],"76":[1,0],"77":[1,0],"78":[1,0],"79":[0,0],"80":[0,0],"81":[0,0],"82":[0,0],"83":[9,18],"84":[11,310],"85":[0,5],"86":[5,6],"87":[5,316],"88":[6,310],"89":[0,310],"90":[31,4],"91":[0,0]},"f":{"1":352,"2":5,"3":79,"4":337,"5":309,"6":6,"7":4,"8":3,"9":3,"10":5,"11":3,"12":1,"13":29,"14":1,"15":0,"16":0,"17":0,"18":1,"19":250,"20":1,"21":1,"22":1,"23":1,"24":13,"25":0,"26":2,"27":3,"28":1,"29":2,"30":4,"31":637,"32":538,"33":3,"34":1,"35":0,"36":11,"37":321,"38":31,"39":7,"40":0,"41":4},"fnMap":{"1":{"name":"nodeExists","line":74,"loc":{"start":{"line":74,"column":4},"end":{"line":79,"column":4}}},"2":{"name":"onlyDuringRotationWindow","line":84,"loc":{"start":{"line":84,"column":4},"end":{"line":89,"column":4}}},"3":{"name":"initialize","line":95,"loc":{"start":{"line":95,"column":4},"end":{"line":117,"column":4}}},"4":{"name":"registerNode","line":127,"loc":{"start":{"line":124,"column":4},"end":{"line":164,"column":4}}},"5":{"name":"activateNode","line":174,"loc":{"start":{"line":171,"column":4},"end":{"line":206,"column":4}}},"6":{"name":"deactivateNode","line":212,"loc":{"start":{"line":212,"column":4},"end":{"line":234,"column":4}}},"7":{"name":"suspendNode","line":244,"loc":{"start":{"line":241,"column":4},"end":{"line":261,"column":4}}},"8":{"name":"rotateSubmitter","line":270,"loc":{"start":{"line":266,"column":4},"end":{"line":274,"column":4}}},"9":{"name":"_rotateSubmitter","line":279,"loc":{"start":{"line":279,"column":4},"end":{"line":307,"column":4}}},"10":{"name":"_forceRotateSubmitter","line":312,"loc":{"start":{"line":312,"column":4},"end":{"line":321,"column":4}}},"11":{"name":"activateBackupNode","line":327,"loc":{"start":{"line":327,"column":4},"end":{"line":357,"column":4}}},"12":{"name":"updateNodeReputation","line":367,"loc":{"start":{"line":364,"column":4},"end":{"line":382,"column":4}}},"13":{"name":"recordNodeActivity","line":388,"loc":{"start":{"line":388,"column":4},"end":{"line":397,"column":4}}},"14":{"name":"recordConsensusParticipation","line":405,"loc":{"start":{"line":403,"column":4},"end":{"line":417,"column":4}}},"15":{"name":"recordFailedSubmission","line":422,"loc":{"start":{"line":422,"column":4},"end":{"line":435,"column":4}}},"16":{"name":"recordResponseTime","line":440,"loc":{"start":{"line":440,"column":4},"end":{"line":453,"column":4}}},"17":{"name":"recordDowntime","line":458,"loc":{"start":{"line":458,"column":4},"end":{"line":474,"column":4}}},"18":{"name":"_updatePerformanceScore","line":479,"loc":{"start":{"line":479,"column":4},"end":{"line":516,"column":4}}},"19":{"name":"getNode","line":523,"loc":{"start":{"line":523,"column":4},"end":{"line":525,"column":4}}},"20":{"name":"getAllActiveNodes","line":530,"loc":{"start":{"line":530,"column":4},"end":{"line":532,"column":4}}},"21":{"name":"getSubmitterNodes","line":537,"loc":{"start":{"line":537,"column":4},"end":{"line":539,"column":4}}},"22":{"name":"getValidatorNodes","line":544,"loc":{"start":{"line":544,"column":4},"end":{"line":546,"column":4}}},"23":{"name":"getBackupNodes","line":551,"loc":{"start":{"line":551,"column":4},"end":{"line":553,"column":4}}},"24":{"name":"getCurrentSubmitter","line":558,"loc":{"start":{"line":558,"column":4},"end":{"line":560,"column":4}}},"25":{"name":"getNextSubmitter","line":565,"loc":{"start":{"line":565,"column":4},"end":{"line":567,"column":4}}},"26":{"name":"getRotationSchedule","line":572,"loc":{"start":{"line":572,"column":4},"end":{"line":574,"column":4}}},"27":{"name":"getTotalActiveNodes","line":579,"loc":{"start":{"line":579,"column":4},"end":{"line":581,"column":4}}},"28":{"name":"isNodeActive","line":586,"loc":{"start":{"line":586,"column":4},"end":{"line":589,"column":4}}},"29":{"name":"isNodeSubmitter","line":594,"loc":{"start":{"line":594,"column":4},"end":{"line":596,"column":4}}},"30":{"name":"isNodeValidator","line":601,"loc":{"start":{"line":601,"column":4},"end":{"line":603,"column":4}}},"31":{"name":"canNodeSubmit","line":608,"loc":{"start":{"line":608,"column":4},"end":{"line":612,"column":4}}},"32":{"name":"getNodeReputation","line":617,"loc":{"start":{"line":617,"column":4},"end":{"line":619,"column":4}}},"33":{"name":"setRotationInterval","line":627,"loc":{"start":{"line":627,"column":4},"end":{"line":636,"column":4}}},"34":{"name":"forceRotation","line":642,"loc":{"start":{"line":642,"column":4},"end":{"line":657,"column":4}}},"35":{"name":"emergencyActivateBackup","line":667,"loc":{"start":{"line":664,"column":4},"end":{"line":686,"column":4}}},"36":{"name":"_findNextSubmitter","line":693,"loc":{"start":{"line":693,"column":4},"end":{"line":711,"column":4}}},"37":{"name":"_removeFromRoleArrays","line":716,"loc":{"start":{"line":716,"column":4},"end":{"line":728,"column":4}}},"38":{"name":"_removeFromArray","line":733,"loc":{"start":{"line":733,"column":4},"end":{"line":741,"column":4}}},"39":{"name":"_getActiveNodeCount","line":746,"loc":{"start":{"line":746,"column":4},"end":{"line":748,"column":4}}},"40":{"name":"_authorizeUpgrade","line":755,"loc":{"start":{"line":755,"column":4},"end":{"line":757,"column":4}}},"41":{"name":"version","line":762,"loc":{"start":{"line":762,"column":4},"end":{"line":764,"column":4}}}},"statementMap":{"1":{"start":{"line":75,"column":8},"end":{"line":75,"column":3013}},"2":{"start":{"line":85,"column":8},"end":{"line":85,"column":3252}},"3":{"start":{"line":96,"column":8},"end":{"line":96,"column":60}},"4":{"start":{"line":98,"column":8},"end":{"line":98,"column":29}},"5":{"start":{"line":99,"column":8},"end":{"line":99,"column":24}},"6":{"start":{"line":100,"column":8},"end":{"line":100,"column":31}},"7":{"start":{"line":101,"column":8},"end":{"line":101,"column":31}},"8":{"start":{"line":104,"column":8},"end":{"line":104,"column":44}},"9":{"start":{"line":105,"column":8},"end":{"line":105,"column":36}},"10":{"start":{"line":106,"column":8},"end":{"line":106,"column":40}},"11":{"start":{"line":116,"column":8},"end":{"line":116,"column":59}},"12":{"start":{"line":128,"column":8},"end":{"line":128,"column":4630}},"13":{"start":{"line":132,"column":8},"end":{"line":132,"column":4765}},"14":{"start":{"line":137,"column":8},"end":{"line":137,"column":4944}},"15":{"start":{"line":163,"column":8},"end":{"line":163,"column":68}},"16":{"start":{"line":175,"column":8},"end":{"line":175,"column":53}},"17":{"start":{"line":176,"column":8},"end":{"line":176,"column":44}},"18":{"start":{"line":179,"column":8},"end":{"line":179,"column":56}},"19":{"start":{"line":186,"column":8},"end":{"line":186,"column":6572}},"20":{"start":{"line":187,"column":12},"end":{"line":187,"column":41}},"21":{"start":{"line":190,"column":8},"end":{"line":190,"column":6750}},"22":{"start":{"line":191,"column":12},"end":{"line":191,"column":44}},"23":{"start":{"line":194,"column":12},"end":{"line":194,"column":6923}},"24":{"start":{"line":198,"column":15},"end":{"line":198,"column":7173}},"25":{"start":{"line":199,"column":12},"end":{"line":199,"column":44}},"26":{"start":{"line":200,"column":15},"end":{"line":200,"column":7277}},"27":{"start":{"line":201,"column":12},"end":{"line":201,"column":41}},"28":{"start":{"line":205,"column":8},"end":{"line":205,"column":69}},"29":{"start":{"line":213,"column":8},"end":{"line":213,"column":53}},"30":{"start":{"line":214,"column":8},"end":{"line":214,"column":44}},"31":{"start":{"line":217,"column":8},"end":{"line":217,"column":7885}},"32":{"start":{"line":222,"column":8},"end":{"line":222,"column":56}},"33":{"start":{"line":229,"column":8},"end":{"line":229,"column":8318}},"34":{"start":{"line":230,"column":12},"end":{"line":230,"column":34}},"35":{"start":{"line":233,"column":8},"end":{"line":233,"column":73}},"36":{"start":{"line":245,"column":8},"end":{"line":245,"column":53}},"37":{"start":{"line":246,"column":8},"end":{"line":246,"column":44}},"38":{"start":{"line":249,"column":8},"end":{"line":249,"column":56}},"39":{"start":{"line":256,"column":8},"end":{"line":256,"column":9250}},"40":{"start":{"line":257,"column":12},"end":{"line":257,"column":34}},"41":{"start":{"line":260,"column":8},"end":{"line":260,"column":64}},"42":{"start":{"line":273,"column":8},"end":{"line":273,"column":33}},"43":{"start":{"line":280,"column":8},"end":{"line":280,"column":69}},"44":{"start":{"line":284,"column":8},"end":{"line":284,"column":10046}},"45":{"start":{"line":295,"column":8},"end":{"line":295,"column":10455}},"46":{"start":{"line":297,"column":12},"end":{"line":297,"column":62}},"47":{"start":{"line":298,"column":12},"end":{"line":298,"column":49}},"48":{"start":{"line":302,"column":8},"end":{"line":302,"column":54}},"49":{"start":{"line":303,"column":8},"end":{"line":303,"column":41}},"50":{"start":{"line":305,"column":8},"end":{"line":305,"column":78}},"51":{"start":{"line":306,"column":8},"end":{"line":306,"column":27}},"52":{"start":{"line":313,"column":8},"end":{"line":313,"column":51}},"53":{"start":{"line":314,"column":8},"end":{"line":314,"column":11142}},"54":{"start":{"line":319,"column":12},"end":{"line":319,"column":76}},"55":{"start":{"line":329,"column":8},"end":{"line":329,"column":11810}},"56":{"start":{"line":330,"column":12},"end":{"line":330,"column":47}},"57":{"start":{"line":331,"column":12},"end":{"line":331,"column":11927}},"58":{"start":{"line":337,"column":8},"end":{"line":337,"column":12120}},"59":{"start":{"line":344,"column":8},"end":{"line":344,"column":49}},"60":{"start":{"line":345,"column":8},"end":{"line":345,"column":39}},"61":{"start":{"line":346,"column":8},"end":{"line":346,"column":36}},"62":{"start":{"line":349,"column":8},"end":{"line":349,"column":12541}},"63":{"start":{"line":350,"column":12},"end":{"line":350,"column":70}},"64":{"start":{"line":355,"column":8},"end":{"line":355,"column":73}},"65":{"start":{"line":356,"column":8},"end":{"line":356,"column":25}},"66":{"start":{"line":368,"column":8},"end":{"line":368,"column":13343}},"67":{"start":{"line":372,"column":8},"end":{"line":372,"column":53}},"68":{"start":{"line":373,"column":8},"end":{"line":373,"column":45}},"69":{"start":{"line":376,"column":8},"end":{"line":376,"column":77}},"70":{"start":{"line":379,"column":8},"end":{"line":379,"column":13729}},"71":{"start":{"line":380,"column":12},"end":{"line":380,"column":58}},"72":{"start":{"line":389,"column":8},"end":{"line":389,"column":53}},"73":{"start":{"line":394,"column":8},"end":{"line":394,"column":14326}},"74":{"start":{"line":406,"column":8},"end":{"line":406,"column":53}},"75":{"start":{"line":411,"column":8},"end":{"line":411,"column":14977}},"76":{"start":{"line":416,"column":8},"end":{"line":416,"column":43}},"77":{"start":{"line":423,"column":8},"end":{"line":423,"column":53}},"78":{"start":{"line":427,"column":8},"end":{"line":427,"column":15578}},"79":{"start":{"line":432,"column":8},"end":{"line":432,"column":43}},"80":{"start":{"line":434,"column":8},"end":{"line":434,"column":79}},"81":{"start":{"line":441,"column":8},"end":{"line":441,"column":53}},"82":{"start":{"line":444,"column":8},"end":{"line":444,"column":16166}},"83":{"start":{"line":452,"column":8},"end":{"line":452,"column":43}},"84":{"start":{"line":459,"column":8},"end":{"line":459,"column":53}},"85":{"start":{"line":464,"column":8},"end":{"line":464,"column":67}},"86":{"start":{"line":465,"column":8},"end":{"line":465,"column":16972}},"87":{"start":{"line":466,"column":12},"end":{"line":466,"column":53}},"88":{"start":{"line":
[...]
contracts/oracle/SecurityManager.sol":{"l":{"109":34,"110":2,"112":32,"119":32,"120":32,"127":0,"128":0,"130":0,"138":75,"140":75,"141":75,"142":75,"143":75,"146":75,"147":75,"148":75,"149":75,"152":75,"174":32,"177":32,"178":32,"179":32,"182":32,"183":0,"184":0,"188":32,"189":32,"190":32,"191":32,"195":0,"196":0,"197":0,"201":0,"204":0,"205":0,"208":0,"224":32,"233":32,"234":32,"237":32,"238":0,"242":32,"243":0,"246":32,"253":32,"254":0,"255":0,"258":32,"265":32,"272":0,"275":0,"276":0,"277":0,"278":0,"283":0,"286":0,"287":0,"290":0,"297":0,"298":0,"300":0,"307":32,"310":32,"311":0,"315":32,"316":32,"317":0,"318":0,"319":0,"323":32,"324":19,"325":19,"333":5,"334":5,"336":5,"343":5,"344":5,"347":5,"348":3,"349":3,"350":3,"353":5,"362":2,"369":6,"376":5,"383":1,"384":1,"387":1,"388":2,"389":2,"394":1,"395":1,"397":1,"398":2,"399":2,"403":1,"410":1,"417":1,"424":5,"431":6,"438":0,"447":5,"454":1,"456":1,"459":1,"460":1,"461":1,"462":1,"463":1,"467":1,"474":5,"475":5,"482":1,"483":1,"490":1,"493":1,"494":1,"496":1,"497":2,"498":0,"503":1,"504":1,"505":0,"513":3,"514":3,"515":3,"518":3,"524":3,"525":1,"527":3,"534":1,"535":1,"551":3},"path":"/Users/baturalpguvenc/Documents/GitHub/QLK-Oracle-Contracts/contracts/oracle/SecurityManager.sol","s":{"1":34,"2":32,"3":0,"4":75,"5":75,"6":75,"7":75,"8":75,"9":75,"10":75,"11":75,"12":75,"13":32,"14":32,"15":0,"16":0,"17":32,"18":32,"19":32,"20":0,"21":0,"22":0,"23":0,"24":0,"25":0,"26":32,"27":32,"28":32,"29":0,"30":32,"31":0,"32":32,"33":32,"34":0,"35":0,"36":32,"37":32,"38":0,"39":0,"40":0,"41":0,"42":0,"43":0,"44":0,"45":0,"46":0,"47":0,"48":0,"49":32,"50":32,"51":32,"52":32,"53":0,"54":32,"55":5,"56":5,"57":5,"58":5,"59":3,"60":3,"61":5,"62":2,"63":6,"64":5,"65":1,"66":1,"67":1,"68":2,"69":1,"70":1,"71":1,"72":2,"73":1,"74":1,"75":1,"76":5,"77":6,"78":0,"79":5,"80":1,"81":1,"82":1,"83":1,"84":1,"85":5,"86":5,"87":1,"88":1,"89":1,"90":1,"91":1,"92":2,"93":1,"94":0,"95":3,"96":1,"97":3,"98":1,"99":3},"b":{"1":[2,32],"2":[0,0],"3":[75,0],"4":[75,0],"5":[34,0],"6":[32,2],"7":[32,0],"8":[0,32],"9":[32,0],"10":[0,0],"11":[0,0],"12":[0,32],"13":[0,32],"14":[0,0],"15":[0,0],"16":[0,0],"17":[0,0],"18":[0,32],"19":[0,32],"20":[19,13],"21":[0,5],"22":[3,2],"23":[2,0],"24":[2,0],"25":[5,0],"26":[1,0],"27":[1,0],"28":[1,0],"29":[5,1],"30":[5,0],"31":[1,0],"32":[1,0],"33":[1,0],"34":[0,2],"35":[3,0],"36":[1,2],"37":[1,1],"38":[1,0],"39":[0,0]},"f":{"1":34,"2":32,"3":0,"4":75,"5":32,"6":32,"7":32,"8":32,"9":0,"10":0,"11":32,"12":5,"13":5,"14":2,"15":6,"16":5,"17":1,"18":1,"19":1,"20":5,"21":6,"22":0,"23":5,"24":1,"25":5,"26":1,"27":1,"28":3,"29":1,"30":0,"31":3},"fnMap":{"1":{"name":"notBlacklisted","line":108,"loc":{"start":{"line":108,"column":4},"end":{"line":113,"column":4}}},"2":{"name":"rateLimited","line":118,"loc":{"start":{"line":118,"column":4},"end":{"line":121,"column":4}}},"3":{"name":"threatLevelCheck","line":126,"loc":{"start":{"line":126,"column":4},"end":{"line":131,"column":4}}},"4":{"name":"initialize","line":137,"loc":{"start":{"line":137,"column":4},"end":{"line":160,"column":4}}},"5":{"name":"validateSubmission","line":173,"loc":{"start":{"line":169,"column":4},"end":{"line":209,"column":4}}},"6":{"name":"_recordThreat","line":218,"loc":{"start":{"line":218,"column":4},"end":{"line":247,"column":4}}},"7":{"name":"_isReplayAttack","line":252,"loc":{"start":{"line":252,"column":4},"end":{"line":259,"column":4}}},"8":{"name":"_verifySignatureIntegrity","line":264,"loc":{"start":{"line":264,"column":4},"end":{"line":266,"column":4}}},"9":{"name":"_detectAnomalousPattern","line":271,"loc":{"start":{"line":271,"column":4},"end":{"line":291,"column":4}}},"10":{"name":"_removeOldestHash","line":296,"loc":{"start":{"line":296,"column":4},"end":{"line":301,"column":4}}},"11":{"name":"_checkRateLimit","line":306,"loc":{"start":{"line":306,"column":4},"end":{"line":327,"column":4}}},"12":{"name":"_blacklistNode","line":332,"loc":{"start":{"line":332,"column":4},"end":{"line":337,"column":4}}},"13":{"name":"_updateThreatLevel","line":342,"loc":{"start":{"line":342,"column":4},"end":{"line":354,"column":4}}},"14":{"name":"getSecurityMetrics","line":361,"loc":{"start":{"line":361,"column":4},"end":{"line":363,"column":4}}},"15":{"name":"getNodeSecurityProfile","line":368,"loc":{"start":{"line":368,"column":4},"end":{"line":370,"column":4}}},"16":{"name":"getThreatAlerts","line":375,"loc":{"start":{"line":375,"column":4},"end":{"line":377,"column":4}}},"17":{"name":"getRecentThreatAlerts","line":382,"loc":{"start":{"line":382,"column":4},"end":{"line":404,"column":4}}},"18":{"name":"getBlacklistedAddresses","line":409,"loc":{"start":{"line":409,"column":4},"end":{"line":411,"column":4}}},"19":{"name":"isBlacklisted","line":416,"loc":{"start":{"line":416,"column":4},"end":{"line":418,"column":4}}},"20":{"name":"getThreatLevel","line":423,"loc":{"start":{"line":423,"column":4},"end":{"line":425,"column":4}}},"21":{"name":"isUnderAttack","line":430,"loc":{"start":{"line":430,"column":4},"end":{"line":432,"column":4}}},"22":{"name":"getNodeReputation","line":437,"loc":{"start":{"line":437,"column":4},"end":{"line":439,"column":4}}},"23":{"name":"blacklistNode","line":446,"loc":{"start":{"line":446,"column":4},"end":{"line":448,"column":4}}},"24":{"name":"whitelistNode","line":453,"loc":{"start":{"line":453,"column":4},"end":{"line":468,"column":4}}},"25":{"name":"setThreatLevel","line":473,"loc":{"start":{"line":473,"column":4},"end":{"line":476,"column":4}}},"26":{"name":"resolveThreatAlert","line":481,"loc":{"start":{"line":481,"column":4},"end":{"line":484,"column":4}}},"27":{"name":"clearOldThreatAlerts","line":489,"loc":{"start":{"line":489,"column":4},"end":{"line":507,"column":4}}},"28":{"name":"emergencyReset","line":512,"loc":{"start":{"line":512,"column":4},"end":{"line":528,"column":4}}},"29":{"name":"updateNodeReputation","line":533,"loc":{"start":{"line":533,"column":4},"end":{"line":536,"column":4}}},"30":{"name":"_authorizeUpgrade","line":543,"loc":{"start":{"line":543,"column":4},"end":{"line":545,"column":4}}},"31":{"name":"version","line":550,"loc":{"start":{"line":550,"column":4},"end":{"line":552,"column":4}}}},"statementMap":{"1":{"start":{"line":109,"column":8},"end":{"line":109,"column":3917}},"2":{"start":{"line":119,"column":8},"end":{"line":119,"column":28}},"3":{"start":{"line":127,"column":8},"end":{"line":127,"column":4298}},"4":{"start":{"line":138,"column":8},"end":{"line":138,"column":60}},"5":{"start":{"line":140,"column":8},"end":{"line":140,"column":29}},"6":{"start":{"line":141,"column":8},"end":{"line":141,"column":24}},"7":{"start":{"line":142,"column":8},"end":{"line":142,"column":31}},"8":{"start":{"line":143,"column":8},"end":{"line":143,"column":31}},"9":{"start":{"line":146,"column":8},"end":{"line":146,"column":44}},"10":{"start":{"line":147,"column":8},"end":{"line":147,"column":36}},"11":{"start":{"line":148,"column":8},"end":{"line":148,"column":39}},"12":{"start":{"line":149,"column":8},"end":{"line":149,"column":40}},"13":{"start":{"line":174,"column":8},"end":{"line":174,"column":65}},"14":{"start":{"line":182,"column":8},"end":{"line":182,"column":6112}},"15":{"start":{"line":183,"column":12},"end":{"line":183,"column":88}},"16":{"start":{"line":184,"column":12},"end":{"line":184,"column":24}},"17":{"start":{"line":188,"column":8},"end":{"line":188,"column":6328}},"18":{"start":{"line":189,"column":12},"end":{"line":189,"column":88}},"19":{"start":{"line":191,"column":12},"end":{"line":191,"column":24}},"20":{"start":{"line":195,"column":8},"end":{"line":195,"column":6587}},"21":{"start":{"line":196,"column":12},"end":{"line":196,"column":93}},"22":{"start":{"line":201,"column":8},"end":{"line":201,"column":46}},"23":{"start":{"line":204,"column":8},"end":{"line":204,"column":6946}},"24":{"start":{"line":205,"column":12},"end":{"line":205,"column":37}},"25":{"start":{"line":208,"column":8},"end":{"line":208,"column":19}},"26":{"start":{"line":224,"column":8},"end":{"line":224,"column":7492}},"27":{"start":{"line":233,"column":8},"end":{"line":233,"column":32}},"28":{"start":{"line":237,"column":8},"end":{"line":237,"column":7884}},"29":{"start":{"line":238,"column":12},"end":{"line":238,"column":61}},"30":{"start":{"line":242,"column":8},"end":{"line":242,"column":8033}},"31":{"start":{"line":243,"column":12},"end":{"line":243,"column":45}},"32":{"start":{"line":246,"column":8},"end":{"line":246,"column":87}},"33":{"start":{"line":253,"column":8},"end":{"line":253,"column":8426}},"34":{"start":{"line":254,"column":12},"end":{"line":254,"column":8506}},"35":{"start":{"line":255,"column":16},"end":{"line":255,"column":27}},"36":{"start":{"line":258,"column":8},"end":{"line":258,"column":20}},"37":{"start":{"line":265,"column":8},"end":{"line":265,"column":60}},"38":{"start":{"line":272,"column":8},"end":{"line":272,"column":65}},"39":{"start":{"line":275,"column":8},"end":{"line":275,"column":9123}},"40":{"start":{"line":276,"column":12},"end":{"line":276,"column":106}},"41":{"start":{"line":277,"column":12},"end":{"line":277,"column":9282}},"42":{"start":{"line":278,"column":16},"end":{"line":278,"column":27}},"43":{"start":{"line":283,"column":8},"end":{"line":283,"column":50}},"44":{"start":{"line":286,"column":8},"end":{"line":286,"column":9602}},"45":{"start":{"line":287,"column":12},"end":{"line":287,"column":23}},"46":{"start":{"line":290,"column":8},"end":{"line":290,"column":20}},"47":{"start":{"line":297,"column":8},"end":{"line":297,"column":9922}},"48":{"start":{"line":300,"column":8},"end":{"line":300,"column":37}},"49":{"start":{"line":307,"column":8},"end":{"line":307,"column":65}},"50":{"start":{"line":310,"column":8},"end":{"line":310,"column":10364}},"51":{"start":{"line":315,"column":8},"end":{"line":315,"column":48}},"52":{"start":{"line":316,"column":8},"end":{"line":316,"column":10591}},"53":{"start":{"line":318,"column":12},"end":{"line":318,"column":82}},"54":{"start":{"line":323,"column":8},"end":{"line":323,"column":10993}},"55":{"start":{"line":334,"column":8},"end":{"line":334,"column":39}},"56":{"start":{"line":336,"column":8},"end":{"line":336,"column":59}},"57":{"start":{"line":343,"column":8},"end":{"line":343,"column":53}},"58":{"start":{"line":347,"column":8},"end":{"line":347,"column":11747}},"59":{"start":{"line":349,"column":12},"end":{"line":349,"column":19}},"60":{"start":{"line":350,"column":12},"end":{"line":350,"column":96}},"61":{"start":{"line":353,"column":8},"end":{"line":353,"column":88}},"62":{"start":{"line":362,"column":8},"end":{"line":362,"column":29}},"63":{"start":{"line":369,"column":8},"end":{"line":369,"column":34}},"64":{"start":{"line":376,"column":8},"end":{"line":376,"column":28}},"65":{"start":{"line":383,"column":8},"end":{"line":383,"column":48}},"66":{"start":{"line":384,"column":8},"end":{"line":384,"column":31}},"67":{"start":{"line":387,"column":8},"end":{"line":387,"column":12985}},"68":{"start":{"line":388,"column":12},"end":{"line":388,"column":13054}},"69":{"start":{"line":394,"column":8},"end":{"line":394,"column":74}},"70":{"start":{"line":395,"column":8},"end":{"line":395,"column":25}},"71":{"start":{"line":397,"column":8},"end":{"line":397,"column":13302}},"72":{"start":{"line":398,"column":12},"end":{"line":398,"column":13371}},"73":{"start":{"line":403,"column":8},"end":{"line":403,"column":27}},"74":{"start":{"line":410,"column":8},"end":{"line":410,"column":36}},"75":{"start":{"line":417,"column":8},"end":{"line":417,"column":48}},"76":{"start":{"line":424,"column":8},"end":{"line":424,"column":41}},"77":{"start":{"line":431,"column":8},"end":{"line":431,"column":43}},"78":{"start":{"line":438,"column":8},"end":{"line":438,"column":50}},"79":{"start":{"line":447,"column":8},"end":{"line":447,"column":35}},"80":{"start":{"line":454,"column":8},"end":{"line":454,"column":73}},"81":{"start":{"line":459,"column":8},"end":{"line":459,"column":15039}},"82":{"start":{"line":460,"column":12},"end":{"line":460,"column":15116}},"83":{"start":{"line":462,"column":16},"end":{"line":462,"column":42}},"84":{"start":{"line":467,"column":8},"end":{"line":467,"column":51}},"85":{"start":{"line":474,"column":8},"end":{"line":474,"column":50}},"86":{"start":{"line":475,"column":8},"end":{"line":475,"column":32}},"87":{"start":{"line":482,"column":8},"end":{"line":482,"column":72}},"88":{"start":{"line":490,"column":8},"end":{"line":490,"column":70}},"89":{"start":{"line":493,"column":8},"end":{"line":493,"column":80}},"90":{"start":{"line":494,"column":8},"end":{"line":494,"column":28}},"91":{"start":{"line":496,"column":8},"end":{"line":496,"column":16327}},"92":{"start":{"line":497,"column":12},"end":{"line":497,"column":16396}},"93":{"start":{"line":504,"column":8},"end":{"line":504,"column":16607}},"94":{"start":{"line":505,"column":12},"end":{"line":505,"column":43}},"95":{"start":{"line":524,"column":8},"end":{"line":524,"column":17257}},"96":{"start":{"line":525,"column":12},"end":{"line":525,"column":21}},"97":{"start":{"line":527,"column":8},"end":{"line":527,"column":56}},"98":{"start":{"line":534,"column":8},"end":{"line":534,"column":64}},"99":{"start":{"line":551,"column":8},"end":{"line":551,"column":22}}},"branchMap":{"1":{"line":109,"type":"if","locations":[{"start":{"line":109,"column":8},"end":{"line":109,"column":8}},{"start":{"line":109,"column":8},"end":{"line":109,"column":8}}]},"2":{"line":127,"type":"if","locations":[{"start":{"line":127,"column":8},"end":{"line":127,"column":8}},{"start":{"line":127,"column":8},"end":{"line":127,"column":8}}]},"3":{"line":137,"type":"if","locations":[{"start":{"line":137,"column":46},"end":{"line":137,"column":46}},{"start":{"line":137,"column":46},"end":{"line":137,"column":46}}]},"4":{"line":138,"type":"if","locations":[{"start":{"line":138,"column":8},"end":{"line":138,"column":8}},{"start":{"line":138,"column":8},"end":{"line":138,"column":8}}]},"5":{"line":173,"type":"if","locations":[{"start":{"line":173,"column":15},"end":{"line":173,"column":15}},{"start":{"line":173,"column":15},"end":{"line":173,"column":15}}]},"6":{"line":173,"type":"if","locations":[{"start":{"line":173,"column":39},"end":{"line":173,"column":39}},{"start":{"line":173,"column":39},"end":{"line":173,"column":39}}]},"7":{"line":173,"type":"if","locations":[{"start":{"line":173,"column":60},"end":{"line":173,"column":60}},{"start":{"line":173,"column":60},"end":{"line":173,"column":60}}]},"8":{"line":182,"type":"if","locations":[{"start":{"line":182,"column":8},"end":{"line":182,"column":8}},{"start":{"line":182,"column":8},"end":{"line":182,"column":8}}]},"9":{"line":188,"type":"if","locations":[{"start":{"line":188,"column":8},"end":{"line":188,"column":8}},{"start":{"line":188,"column":8},"end":{"line":188,"column":8}}]},"10":{"line":195,"type":"if","locations":[{"start":{"line":195,"column":8},"end":{"line":195,"column":8}},{"start":{"line":195,"column":8},"end":{"line":195,"column":8}}]},"11":{"line":204,"type":"if","locations":[{"start":{"line":204,"column":8},"end":{"line":204,"column":8}},{"start":{"line":204,"column":8},"end":{"line":204,"column":8}}]},"12":{"line":237,"type":"if","locations":[{"start":{"line":237,"column":8},"end":{"line":237,"column":8}},{"start":{"line":237,"column":8},"end":{"line":237,"column":8}}]},"13":{"line":242,"type":"if","locations":[{"start":{"line":242,"column":8},"end":{"line":242,"column":8}},{"start":{"line":242,"column":8},"end":{"line":242,"column":8}}]},"14":{"line":254,"type":"if","locations":[{"start":{"line":254,"column":12},"end":{"line":254,"column":12}},{"start":{"line":254,"column":12},"end":{"line":254,"column":12}}]},"15":{"line":275,"type":"if","locations":[{"start":{"line":275,"column":8},"end":{"line":275,"column":8}},{"start":{"line":275,"column":8},"end":{"line":275,"column":8}}]},"16":{"line":277,"type":"if","locations":[{"start":{"line":277,"column":12},"end":{"line":277,"column":12}},{"start":{"line":277,"column":12},"end":{"line":277,"column":12}}]},"17":{"line":286,"type":"if","locations":[{"start":{"line":286,"column":8},"end":{"line":286,"column":8}},{"start":{"line":286,"column":8},"end":{"line":286,"column":8}}]},"18":{"line":310,"type":"if","locations":[{"start":{"line":310,"column":8},"end":{"line":310,"column":8}},{"start":{"line":310,"column":8},"end":{"line":310,"column":8}}]},"19":{"line":316,"type":"if","locations":[{"start":{"line":316,"column":8},"end":{"line":316,"column":8}},{"start":{"line":316,"column":8},"end":{"line":316,"column":8}}]},"20":{"line":323,"type":"if","locations":[{"start":{"line":323,"column":8},"end":{"line":323,"column":8}},{"start":{"line":323,"column":8},"end":{"line":323,"column":8}}]},"21":{"line":344,"type":"if","locations":[{"start":{"line":344,"column":52},"end":{"line":344,"column":52}},{"start":{"line":344,"column":56},"end":{"line":344,"column":63}}]},"22":{"line":347,"type":"if","locations":[{"start":{"line":347,"column":8},"end":{"line":347,"column":8}},{"start":{"line":347,"column":8},"end":{"line":347,"column":8}}]},"23":{"line":388,"type":"if","locations":[{"start":{"line":388,"column":12},"end":{"line":388,"column":12}},{"start":{"line":388,"column":12},"end":{"line":388,"column":12}}]},"24":{"line":398,"type":"if","locations":[{"start":{"line":398,"column":12},"end":{"line":398,"column":12}},{"start":{"line":398,"column":12},"end":{"line":398,"column":12}}]},"25":{"line":446,"type":"if","locations":[{"start":{"line":446,"column":74},"end":{"line":446,"column":74}},{"start":{"line":446,"column":74},"end":{"line":446,"column":74}}]},"26":{"line":453,"type":"if","locations":[{"start":{"line":453,"column":50},"end":{"line":453,"column":50}},{"start":{"line":453,"column":50},"end":{"line":453,"column":50}}]},"27":{"line":454,"type":"if","locations":[{"start":{"line":454,"column":8},"end":{"line":454,"column":8}},{"start":{"line":454,"column":8},"end":{"line":454,"column":8}}]},"28":{"line":460,"type":"if","locations":[{"start":{"line":460,"column":12},"end":{"line":460,"column":12}},{"start":{"line":460,"column":12},"end":{"line":460,"column":12}}]},"29":{"line":473,"type":"if","locations":[{"start":{"line":473,"column":52},"end":{"line":473,"column":52}},{"start":{"line":473,"column":52},"end":{"line":473,"column":52}}]},"30":{"line":474,"type":"if","locations":[{"start":{"line":474,"column":8},"end":{"line":474,"column":8}},{"start":{"line":474,"column":8},"end":{"line":474,"column":8}}]},"31":{"line":481,"type":"if","locations":[{"start":{"line":481,"column":61},"end":{"line":481,"column":61}},{"start":{"line":481,"column":61},"end":{"line":481,"column":61}}]},"32":{"line":482,"type":"if","locations":[{"start":{"line":482,"column":8},"end":{"line":482,"column":8}},{"start":{"line":482,"column":8},"end":{"line":482,"column":8}}]},"33":{"line":489,"type":"if","locations":[{"start":{"line":489,"column":66},"end":{"line":489,"column":66}},{"start":{"line":489,"column":66},"end":{"line":489,"column":66}}]},"34":{"line":497,"type":"if","locations":[{"start":{"line":497,"column":12},"end":{"line":497,"column":12}},{"start":{"line":497,"column":12},"end":{"line":497,"column":12}}]},"35":{"line":512,"type":"if","locations":[{"start":{"line":512,"column":39},"end":{"line":512,"column":39}},{"start":{"line":512,"column":39},"end":{"line":512,"column":39}}]},"36":{"line":524,"type":"if","locations":[{"start":{"line":524,"column":8},"end":{"line":524,"column":8}},{"start":{"line":524,"column":8},"end":{"line":524,"column":8}}]},"37":{"line":533,"type":"if","locations":[{"start":{"line":533,"column":80},"end":{"line":533,"column":80}},{"start":{"line":533,"column":80},"end":{"line":533,"column":80}}]},"38":{"line":534,"type":"if","locations":[{"start":{"line":534,"column":8},"end":{"line":534,"column":8}},{"start":{"line":534,"column":8},"end":{"line":534,"column":8}}]},"39":{"line":543,"type":"if","locations":[{"start":{"line":543,"column":76},"end":{"line":543,"column":76}},{"start":{"line":543,"column":76},"end":{"line":543,"column":76}}]}}}}